02:37:43.668 [INFO ] Logging to /data/user/akanksha/repo/visual_servoing_for_suction_grippers/logs/servo_lastmile_20260428_023743.log
02:37:43.684 [INFO ] ======================================================================
02:37:43.684 [INFO ] servo_lastmile_v2 starting
02:37:43.684 [INFO ]   improvements: surface-normal-in-NEAR=ON  ee-masking=ON  sixdof=False
02:37:43.684 [INFO ]   prompt=box  ref=masked_objects/protein_bar.png  hand-eye=None
02:37:43.684 [INFO ]   offline=False  debug=True  dry-run=False  no-robot=False
02:37:43.684 [INFO ] ======================================================================
02:37:43.700 [INFO ] PyZED available - will use ZED SDK for capture and SVO recording
02:37:44.771 [INFO ] Robot connected: 192.168.1.241
02:37:44.771 [INFO ] Home position captured: [205.2, 5.6, -52.9] mm
02:37:44.777 [INFO ] Processing reference image ...
02:37:47.633 [INFO ] SAM3 loaded: facebook/sam3 on cuda
02:37:48.130 [INFO ] SAM3: 1 detection(s) for 'box'
02:37:48.130 [INFO ] Ref image: detected 'box' score=0.96 @ [  2   1 423 715]
02:37:48.271 [INFO ] Feature extractor (ResNet-18) loaded
02:37:48.294 [INFO ] Ref features: 512-d vector (norm=1.000)
02:37:48.295 [WARNING] Hand-eye: no path supplied; using identity. Signal A (locked-3D projection) will be unreliable. Run a one-time calibrateHandEye to populate.
02:37:50.369 [INFO ] SAM3: 1 detection(s) for 'box'
02:37:50.372 [DEBUG]   det conf=0.96 sim=0.929 pos=0.41 prox=0.00 -> 0.621
02:37:50.376 [INFO ] SAM3: 'box' score=0.96 @ [543 210 771 644]  (top of 1)  sim=0.929
02:37:50.376 [INFO ] SAM3: mask obtained (score=0.958, area=93477 px)
02:37:50.584 [INFO ] Calibration thread: starting Y/Z Jacobian calibration.
02:37:50.584 [INFO ] === Calibration: waiting for camera frame ===
02:37:50.585 [INFO ] Home: [205.2, 5.6, -52.9] mm
02:37:50.639 [DEBUG] Grasp point: robust centroid (657, 427)
02:37:50.641 [DEBUG] Servo: waiting [calibrating Y...]
02:37:50.647 [INFO ] Video recording: overlay=runs/v2_proteinbar_servo12/overlay.mp4  raw=runs/v2_proteinbar_servo12/raw.mp4
02:37:50.709 [INFO ] frame=0 state=FAR       c=(657,426) z=450.4mm tilt=-
02:37:50.885 [INFO ]   [Y] moving +25 mm at 30 mm/s...
02:37:50.965 [INFO ] SAM3: 1 detection(s) for 'box'
02:37:50.967 [DEBUG]   det conf=0.96 sim=0.925 pos=0.41 prox=1.00 -> 0.869
02:37:50.969 [INFO ] SAM3: 'box' score=0.96 @ [543 210 770 644]  (top of 1)  sim=0.925
02:37:50.969 [INFO ] SAM3: mask obtained (score=0.961, area=93445 px)
02:37:50.996 [DEBUG] Grasp point: robust centroid (656, 427)
02:37:51.008 [INFO ] frame=1 state=FAR       c=(657,426) z=450.4mm tilt=-
02:37:51.257 [INFO ] SAM3: 1 detection(s) for 'box'
02:37:51.259 [DEBUG]   det conf=0.96 sim=0.924 pos=0.41 prox=1.00 -> 0.868
02:37:51.261 [INFO ] SAM3: 'box' score=0.96 @ [543 210 770 644]  (top of 1)  sim=0.924
02:37:51.261 [INFO ] SAM3: mask obtained (score=0.959, area=93504 px)
02:37:51.289 [DEBUG] Grasp point: robust centroid (657, 427)
02:37:53.510 [INFO ] frame=2 state=NEAR      c=(657,426) z=450.5mm tilt=-
02:37:53.545 [INFO ]   [Y] returning home...
02:37:53.769 [INFO ] SAM3: 1 detection(s) for 'box'
02:37:53.771 [DEBUG]   det conf=0.95 sim=0.933 pos=0.41 prox=0.87 -> 0.841
02:37:53.773 [INFO ] SAM3: 'box' score=0.95 @ [583 207 811 641]  (top of 1)  sim=0.933
02:37:53.773 [INFO ] SAM3: mask obtained (score=0.952, area=93146 px)
02:37:53.801 [DEBUG] Grasp point: robust centroid (697, 424)
02:37:53.803 [DEBUG] NEAR SAM3: c=(697,423) score=0.95
02:37:53.810 [DEBUG] NEAR plane: tilt=2.5° roll=-2.4° pitch=0.6°
02:37:53.822 [INFO ] frame=3 state=NEAR      c=(697,423) z=451.0mm tilt=2.5°
02:37:54.166 [INFO ] SAM3: 1 detection(s) for 'box'
02:37:54.169 [DEBUG]   det conf=0.96 sim=0.932 pos=0.41 prox=0.99 -> 0.871
02:37:54.172 [INFO ] SAM3: 'box' score=0.96 @ [581 207 809 642]  (top of 1)  sim=0.932
02:37:54.172 [INFO ] SAM3: mask obtained (score=0.955, area=93350 px)
02:37:54.216 [DEBUG] Grasp point: robust centroid (695, 425)
02:37:54.218 [DEBUG] NEAR SAM3: c=(696,423) score=0.96
02:37:54.223 [DEBUG] NEAR plane: tilt=1.4° roll=-1.4° pitch=-0.1°
02:37:54.234 [INFO ] frame=4 state=NEAR      c=(696,423) z=451.0mm tilt=1.4°
02:37:54.513 [INFO ] SAM3: 1 detection(s) for 'box'
02:37:54.515 [DEBUG]   det conf=0.96 sim=0.925 pos=0.41 prox=0.95 -> 0.856
02:37:54.518 [INFO ] SAM3: 'box' score=0.96 @ [564 208 791 643]  (top of 1)  sim=0.925
02:37:54.518 [INFO ] SAM3: mask obtained (score=0.955, area=93444 px)
02:37:54.546 [DEBUG] Grasp point: robust centroid (678, 426)
02:37:54.547 [DEBUG] NEAR SAM3: c=(683,424) score=0.96
02:37:54.554 [DEBUG] NEAR plane: tilt=0.7° roll=-0.5° pitch=0.4°
02:37:54.565 [INFO ] frame=5 state=NEAR      c=(683,424) z=451.0mm tilt=0.7°
02:37:54.715 [INFO ]   [Y] flow: (+40.8, -3.2) px / 25 mm  -> J[:,{col}]=[+1.6331, -0.1288]
02:37:54.819 [INFO ] SAM3: 1 detection(s) for 'box'
02:37:54.821 [DEBUG]   det conf=0.96 sim=0.920 pos=0.41 prox=0.95 -> 0.854
02:37:54.823 [INFO ] SAM3: 'box' score=0.96 @ [548 210 775 644]  (top of 1)  sim=0.920
02:37:54.823 [INFO ] SAM3: mask obtained (score=0.956, area=93313 px)
02:37:54.850 [DEBUG] Grasp point: robust centroid (662, 427)
02:37:54.852 [DEBUG] NEAR SAM3: c=(668,425) score=0.96
02:37:54.858 [DEBUG] NEAR plane: tilt=0.4° roll=-0.2° pitch=0.3°
02:37:54.868 [INFO ] frame=6 state=NEAR      c=(668,425) z=451.3mm tilt=0.4°
02:37:55.016 [INFO ]   [Z] moving +25 mm at 30 mm/s...
02:37:55.120 [INFO ] SAM3: 1 detection(s) for 'box'
02:37:55.122 [DEBUG]   det conf=0.96 sim=0.925 pos=0.41 prox=0.98 -> 0.866
02:37:55.124 [INFO ] SAM3: 'box' score=0.96 @ [543 210 770 644]  (top of 1)  sim=0.925
02:37:55.124 [INFO ] SAM3: mask obtained (score=0.959, area=93424 px)
02:37:55.151 [DEBUG] Grasp point: robust centroid (657, 427)
02:37:55.152 [DEBUG] NEAR SAM3: c=(660,426) score=0.96
02:37:55.159 [DEBUG] NEAR plane: tilt=0.8° roll=-0.8° pitch=0.3°
02:37:55.169 [INFO ] frame=7 state=NEAR      c=(660,426) z=451.1mm tilt=0.8°
02:37:55.521 [INFO ] SAM3: 1 detection(s) for 'box'
02:37:55.526 [DEBUG]   det conf=0.96 sim=0.924 pos=0.41 prox=1.00 -> 0.868
02:37:55.528 [INFO ] SAM3: 'box' score=0.96 @ [543 210 770 645]  (top of 1)  sim=0.924
02:37:55.529 [INFO ] SAM3: mask obtained (score=0.959, area=93443 px)
02:37:55.575 [DEBUG] Grasp point: robust centroid (656, 428)
02:37:55.575 [INFO ] MaskTracker: anchor locked (IoU streak=5, last IoU=0.997)
02:37:55.576 [DEBUG] NEAR SAM3: c=(658,426) score=0.96
02:37:55.582 [DEBUG] NEAR plane: tilt=1.7° roll=0.3° pitch=1.6°
02:37:55.592 [INFO ] frame=8 state=NEAR      c=(658,426) z=450.9mm tilt=1.7°
02:37:55.867 [INFO ] SAM3: 1 detection(s) for 'box'
02:37:55.869 [DEBUG]   det conf=0.96 sim=0.929 pos=0.39 prox=0.96 -> 0.857
02:37:55.871 [INFO ] SAM3: 'box' score=0.96 @ [543 224 770 659]  (top of 1)  sim=0.929
02:37:55.871 [INFO ] SAM3: mask obtained (score=0.960, area=93740 px)
02:37:55.898 [DEBUG] Grasp point: robust centroid (657, 442)
02:37:55.898 [INFO ] MaskTracker: anchor locked (IoU streak=6, last IoU=0.935)
02:37:55.899 [DEBUG] NEAR SAM3: c=(657,436) score=0.96
02:37:55.906 [DEBUG] NEAR plane: tilt=1.3° roll=0.6° pitch=1.2°
02:37:55.906 [DEBUG] Servo: waiting [calibrating Z...]
02:37:55.917 [INFO ] frame=9 state=NEAR      c=(657,436) z=450.9mm tilt=1.3°
02:37:56.168 [INFO ] SAM3: 1 detection(s) for 'box'
02:37:56.170 [DEBUG]   det conf=0.97 sim=0.929 pos=0.36 prox=0.95 -> 0.853
02:37:56.172 [INFO ] SAM3: 'box' score=0.97 @ [543 240 770 675]  (top of 1)  sim=0.929
02:37:56.172 [INFO ] SAM3: mask obtained (score=0.966, area=93579 px)
02:37:56.200 [DEBUG] Grasp point: robust centroid (657, 457)
02:37:56.200 [INFO ] MaskTracker: anchor locked (IoU streak=7, last IoU=0.925)
02:37:56.201 [DEBUG] NEAR SAM3: c=(657,450) score=0.97
02:37:56.209 [DEBUG] NEAR plane: tilt=1.8° roll=0.1° pitch=-1.8°
02:37:56.219 [INFO ] frame=10 state=NEAR      c=(657,450) z=450.8mm tilt=1.8°
02:37:56.471 [INFO ] SAM3: 1 detection(s) for 'box'
02:37:56.474 [DEBUG]   det conf=0.97 sim=0.931 pos=0.35 prox=0.97 -> 0.857
02:37:56.475 [INFO ] SAM3: 'box' score=0.97 @ [543 250 771 684]  (top of 1)  sim=0.931
02:37:56.475 [INFO ] SAM3: mask obtained (score=0.969, area=93265 px)
02:37:56.503 [DEBUG] Grasp point: robust centroid (657, 467)
02:37:56.503 [INFO ] MaskTracker: anchor locked (IoU streak=8, last IoU=0.954)
02:37:56.505 [DEBUG] NEAR SAM3: c=(657,461) score=0.97
02:37:56.511 [DEBUG] NEAR plane: tilt=2.8° roll=-2.8° pitch=-0.5°
02:37:56.522 [INFO ] frame=11 state=NEAR      c=(657,461) z=450.9mm tilt=2.8°
02:37:56.886 [INFO ] SAM3: 1 detection(s) for 'box'
02:37:56.890 [DEBUG]   det conf=0.97 sim=0.929 pos=0.35 prox=1.00 -> 0.863
02:37:56.893 [INFO ] SAM3: 'box' score=0.97 @ [543 250 770 684]  (top of 1)  sim=0.929
02:37:56.893 [INFO ] SAM3: mask obtained (score=0.969, area=93228 px)
02:37:56.939 [DEBUG] Grasp point: robust centroid (656, 467)
02:37:56.939 [INFO ] MaskTracker: anchor locked (IoU streak=9, last IoU=0.995)
02:37:56.940 [DEBUG] NEAR SAM3: c=(657,465) score=0.97
02:37:56.946 [DEBUG] NEAR plane: tilt=2.4° roll=2.4° pitch=-0.5°
02:37:56.957 [INFO ] frame=12 state=NEAR      c=(657,465) z=450.8mm tilt=2.4°
02:37:57.218 [INFO ] SAM3: 1 detection(s) for 'box'
02:37:57.220 [DEBUG]   det conf=0.97 sim=0.926 pos=0.35 prox=1.00 -> 0.861
02:37:57.222 [INFO ] SAM3: 'box' score=0.97 @ [543 250 770 685]  (top of 1)  sim=0.926
02:37:57.222 [INFO ] SAM3: mask obtained (score=0.968, area=93178 px)
02:37:57.249 [DEBUG] Grasp point: robust centroid (656, 467)
02:37:57.250 [INFO ] MaskTracker: anchor locked (IoU streak=10, last IoU=0.999)
02:37:57.251 [DEBUG] NEAR SAM3: c=(657,466) score=0.97
02:37:57.257 [DEBUG] NEAR plane: tilt=1.5° roll=-0.7° pitch=1.3°
02:37:57.267 [INFO ] frame=13 state=NEAR      c=(657,466) z=450.8mm tilt=1.5°
02:37:57.523 [INFO ] SAM3: 1 detection(s) for 'box'
02:37:57.525 [DEBUG]   det conf=0.97 sim=0.926 pos=0.35 prox=1.00 -> 0.861
02:37:57.527 [INFO ] SAM3: 'box' score=0.97 @ [543 250 770 685]  (top of 1)  sim=0.926
02:37:57.527 [INFO ] SAM3: mask obtained (score=0.966, area=93198 px)
02:37:57.556 [DEBUG] Grasp point: robust centroid (656, 467)
02:37:57.556 [INFO ] MaskTracker: anchor locked (IoU streak=11, last IoU=0.999)
02:37:57.557 [DEBUG] NEAR SAM3: c=(657,466) score=0.97
02:37:57.564 [DEBUG] NEAR plane: tilt=2.7° roll=-0.7° pitch=-2.6°
02:37:57.575 [INFO ] frame=14 state=NEAR      c=(657,466) z=450.8mm tilt=2.7°
02:37:57.676 [INFO ]   [Z] returning home...
02:37:57.829 [INFO ] SAM3: 1 detection(s) for 'box'
02:37:57.831 [DEBUG]   det conf=0.97 sim=0.927 pos=0.35 prox=0.99 -> 0.861
02:37:57.832 [INFO ] SAM3: 'box' score=0.97 @ [543 250 770 685]  (top of 1)  sim=0.927
02:37:57.833 [INFO ] SAM3: mask obtained (score=0.966, area=93210 px)
02:37:57.860 [DEBUG] Grasp point: robust centroid (657, 467)
02:37:57.861 [INFO ] MaskTracker: anchor locked (IoU streak=12, last IoU=0.999)
02:37:57.862 [DEBUG] NEAR SAM3: c=(657,466) score=0.97
02:37:57.867 [DEBUG] NEAR plane: tilt=0.9° roll=0.8° pitch=-0.3°
02:37:57.877 [INFO ] frame=15 state=NEAR      c=(657,466) z=450.8mm tilt=0.9°
02:37:58.230 [INFO ] SAM3: 1 detection(s) for 'box'
02:37:58.232 [DEBUG]   det conf=0.97 sim=0.930 pos=0.35 prox=1.00 -> 0.864
02:37:58.234 [INFO ] SAM3: 'box' score=0.97 @ [543 250 771 684]  (top of 1)  sim=0.930
02:37:58.234 [INFO ] SAM3: mask obtained (score=0.968, area=93128 px)
02:37:58.262 [DEBUG] Grasp point: robust centroid (656, 467)
02:37:58.262 [INFO ] MaskTracker: anchor locked (IoU streak=13, last IoU=0.995)
02:37:58.264 [DEBUG] NEAR SAM3: c=(657,466) score=0.97
02:37:58.270 [DEBUG] NEAR plane: tilt=2.2° roll=-0.4° pitch=-2.2°
02:37:58.280 [INFO ] frame=16 state=NEAR      c=(657,466) z=450.8mm tilt=2.2°
02:37:58.532 [INFO ] SAM3: 1 detection(s) for 'box'
02:37:58.534 [DEBUG]   det conf=0.96 sim=0.928 pos=0.37 prox=0.95 -> 0.854
02:37:58.536 [INFO ] SAM3: 'box' score=0.96 @ [543 234 770 667]  (top of 1)  sim=0.928
02:37:58.536 [INFO ] SAM3: mask obtained (score=0.965, area=93255 px)
02:37:58.563 [DEBUG] Grasp point: robust centroid (657, 450)
02:37:58.563 [INFO ] MaskTracker: anchor locked (IoU streak=14, last IoU=0.922)
02:37:58.565 [DEBUG] NEAR SAM3: c=(657,454) score=0.96
02:37:58.572 [DEBUG] NEAR plane: tilt=0.5° roll=-0.5° pitch=0.1°
02:37:58.582 [INFO ] frame=17 state=NEAR      c=(657,454) z=450.9mm tilt=0.5°
02:37:58.836 [INFO ] SAM3: 1 detection(s) for 'box'
02:37:58.839 [DEBUG]   det conf=0.96 sim=0.928 pos=0.39 prox=0.96 -> 0.859
02:37:58.840 [INFO ]   [Z] flow: (-0.3, +40.2) px / 25 mm  -> J[:,{col}]=[-0.0116, +1.6079]
02:37:58.840 [INFO ] J_yz (px/mm):
[[ 1.63312866 -0.01163208]
 [-0.12884155  1.6079187 ]]
02:37:58.841 [INFO ] J_yz_inv (mm/px):
[[0.6126713  0.00443222]
 [0.04909298 0.62227714]]
02:37:58.841 [INFO ] === Calibration complete [calibrated] ===
02:37:58.842 [INFO ] SAM3: 'box' score=0.96 @ [543 220 771 653]  (top of 1)  sim=0.928
02:37:58.842 [INFO ] SAM3: mask obtained (score=0.960, area=93234 px)
02:37:58.870 [DEBUG] Grasp point: robust centroid (657, 436)
02:37:58.870 [INFO ] MaskTracker: anchor locked (IoU streak=15, last IoU=0.932)
02:37:58.871 [DEBUG] NEAR SAM3: c=(657,441) score=0.96
02:37:58.879 [DEBUG] NEAR plane: tilt=0.6° roll=-0.5° pitch=0.2°
02:37:59.685 [INFO ] Servo: err=(+17,+81)px r=83  Δ=(+5.0,-5.4,-12.0)mm  pos=(210,0,-65)  [calibrated]
02:37:59.697 [INFO ] frame=18 state=NEAR      c=(657,441) z=450.7mm tilt=0.6°
02:37:59.950 [INFO ] SAM3: 1 detection(s) for 'box'
02:37:59.953 [DEBUG]   det conf=0.96 sim=0.929 pos=0.43 prox=0.91 -> 0.853
02:37:59.955 [INFO ] SAM3: 'box' score=0.96 @ [533 190 764 628]  (top of 1)  sim=0.929
02:37:59.955 [INFO ] SAM3: mask obtained (score=0.960, area=95330 px)
02:37:59.982 [DEBUG] Grasp point: robust centroid (649, 409)
02:37:59.983 [INFO ] MaskTracker: anchor locked (IoU streak=16, last IoU=0.825)
02:37:59.984 [DEBUG] NEAR SAM3: c=(651,418) score=0.96
02:37:59.992 [DEBUG] NEAR plane: tilt=2.2° roll=-1.6° pitch=1.5°
02:38:00.748 [INFO ] Servo: err=(+11,+58)px r=59  Δ=(+5.0,-3.6,-12.0)mm  pos=(215,-3,-77)  [calibrated]
02:38:00.760 [INFO ] frame=19 state=NEAR      c=(651,418) z=447.4mm tilt=2.2°
02:38:01.015 [INFO ] SAM3: 1 detection(s) for 'box'
02:38:01.018 [DEBUG]   det conf=0.96 sim=0.929 pos=0.46 prox=0.94 -> 0.864
02:38:01.020 [INFO ] SAM3: 'box' score=0.96 @ [527 169 760 611]  (top of 1)  sim=0.929
02:38:01.020 [INFO ] SAM3: mask obtained (score=0.960, area=97380 px)
02:38:01.048 [DEBUG] Grasp point: robust centroid (644, 390)
02:38:01.048 [INFO ] MaskTracker: anchor locked (IoU streak=17, last IoU=0.880)
02:38:01.050 [DEBUG] NEAR SAM3: c=(646,398) score=0.96
02:38:01.055 [DEBUG] NEAR plane: tilt=1.8° roll=-1.8° pitch=0.0°
02:38:01.811 [INFO ] Servo: err=(+6,+38)px r=38  Δ=(+5.0,-2.0,-12.0)mm  pos=(220,-5,-89)  [calibrated]
02:38:01.823 [INFO ] frame=20 state=NEAR      c=(646,398) z=443.1mm tilt=1.8°
02:38:02.075 [INFO ] SAM3: 1 detection(s) for 'box'
02:38:02.077 [DEBUG]   det conf=0.97 sim=0.924 pos=0.48 prox=0.94 -> 0.866
02:38:02.079 [INFO ] SAM3: 'box' score=0.97 @ [523 146 759 595]  (top of 1)  sim=0.924
02:38:02.079 [INFO ] SAM3: mask obtained (score=0.967, area=99571 px)
02:38:02.107 [DEBUG] Grasp point: robust centroid (641, 370)
02:38:02.107 [INFO ] MaskTracker: anchor locked (IoU streak=18, last IoU=0.897)
02:38:02.109 [DEBUG] NEAR SAM3: c=(643,378) score=0.97
02:38:02.114 [DEBUG] NEAR plane: tilt=0.0° roll=-0.0° pitch=-0.0°
02:38:02.718 [INFO ] Servo: err=(+3,+18)px r=18  Δ=(+5.0,-0.9,-5.7)mm  pos=(225,-6,-95)  [calibrated]
02:38:02.731 [INFO ] frame=21 state=NEAR      c=(643,378) z=437.9mm tilt=0.0°
02:38:03.101 [INFO ] SAM3: 1 detection(s) for 'box'
02:38:03.104 [DEBUG]   det conf=0.97 sim=0.921 pos=0.50 prox=0.97 -> 0.875
02:38:03.105 [INFO ] SAM3: 'box' score=0.97 @ [521 134 759 587]  (top of 1)  sim=0.921
02:38:03.106 [INFO ] SAM3: mask obtained (score=0.965, area=101928 px)
02:38:03.132 [DEBUG] Grasp point: robust centroid (640, 360)
02:38:03.132 [INFO ] MaskTracker: anchor locked (IoU streak=19, last IoU=0.946)
02:38:03.134 [DEBUG] NEAR SAM3: c=(641,365) score=0.97
02:38:03.139 [DEBUG] NEAR plane: tilt=4.0° roll=-1.8° pitch=3.6°
02:38:03.643 [INFO ] Servo: err=(+1,+5)px r=5  Δ=(+5.0,+0.0,-1.0)mm  pos=(230,-6,-96)  [calibrated]
02:38:03.655 [INFO ] frame=22 state=NEAR      c=(641,365) z=432.8mm tilt=4.0°
02:38:03.907 [INFO ] SAM3: 1 detection(s) for 'box'
02:38:03.910 [DEBUG]   det conf=0.97 sim=0.928 pos=0.50 prox=0.99 -> 0.884
02:38:03.911 [INFO ] SAM3: 'box' score=0.97 @ [521 129 761 588]  (top of 1)  sim=0.928
02:38:03.911 [INFO ] SAM3: mask obtained (score=0.965, area=104285 px)
02:38:03.939 [DEBUG] Grasp point: robust centroid (641, 358)
02:38:03.939 [INFO ] MaskTracker: anchor locked (IoU streak=20, last IoU=0.977)
02:38:03.940 [DEBUG] NEAR SAM3: c=(641,360) score=0.97
02:38:03.946 [DEBUG] NEAR plane: tilt=2.8° roll=1.8° pitch=-2.1°
02:38:04.450 [INFO ] Servo: err=(+1,-0)px r=1  Δ=(+5.0,+0.0,-1.0)mm  pos=(235,-6,-97)  [calibrated]
02:38:04.462 [INFO ] frame=23 state=NEAR      c=(641,360) z=427.9mm tilt=2.8°
02:38:04.710 [INFO ] SAM3: 1 detection(s) for 'box'
02:38:04.712 [DEBUG]   det conf=0.97 sim=0.929 pos=0.50 prox=1.00 -> 0.886
02:38:04.714 [INFO ] SAM3: 'box' score=0.97 @ [520 125 763 589]  (top of 1)  sim=0.929
02:38:04.714 [INFO ] SAM3: mask obtained (score=0.966, area=106581 px)
02:38:04.742 [DEBUG] Grasp point: robust centroid (641, 356)
02:38:04.742 [INFO ] MaskTracker: anchor locked (IoU streak=21, last IoU=0.978)
02:38:04.743 [DEBUG] NEAR SAM3: c=(641,357) score=0.97
02:38:04.749 [DEBUG] NEAR plane: tilt=1.0° roll=0.9° pitch=0.4°
02:38:05.254 [INFO ] Servo: err=(+1,-3)px r=3  Δ=(+5.0,+0.0,-1.0)mm  pos=(240,-6,-98)  [calibrated]
02:38:05.264 [INFO ] frame=24 state=NEAR      c=(641,357) z=423.6mm tilt=1.0°
02:38:05.617 [INFO ] SAM3: 1 detection(s) for 'box'
02:38:05.619 [DEBUG]   det conf=0.97 sim=0.927 pos=0.51 prox=1.00 -> 0.885
02:38:05.621 [INFO ] SAM3: 'box' score=0.97 @ [519 121 764 589]  (top of 1)  sim=0.927
02:38:05.621 [INFO ] SAM3: mask obtained (score=0.966, area=109001 px)
02:38:05.648 [DEBUG] Grasp point: robust centroid (641, 354)
02:38:05.648 [INFO ] MaskTracker: anchor locked (IoU streak=22, last IoU=0.978)
02:38:05.649 [DEBUG] NEAR SAM3: c=(641,355) score=0.97
02:38:05.655 [DEBUG] NEAR plane: tilt=1.6° roll=-1.6° pitch=0.2°
02:38:06.159 [INFO ] Servo: err=(+1,-5)px r=5  Δ=(+5.0,+0.0,-1.0)mm  pos=(245,-6,-99)  [calibrated]
02:38:06.170 [INFO ] frame=25 state=NEAR      c=(641,355) z=418.9mm tilt=1.6°
02:38:06.417 [INFO ] SAM3: 1 detection(s) for 'box'
02:38:06.419 [DEBUG]   det conf=0.97 sim=0.926 pos=0.51 prox=1.00 -> 0.885
02:38:06.421 [INFO ] SAM3: 'box' score=0.97 @ [518 116 766 590]  (top of 1)  sim=0.926
02:38:06.421 [INFO ] SAM3: mask obtained (score=0.965, area=111762 px)
02:38:06.448 [DEBUG] Grasp point: robust centroid (641, 352)
02:38:06.449 [INFO ] MaskTracker: anchor locked (IoU streak=23, last IoU=0.975)
02:38:06.450 [DEBUG] NEAR SAM3: c=(641,353) score=0.97
02:38:06.456 [DEBUG] NEAR plane: tilt=1.0° roll=-0.7° pitch=-0.7°
02:38:06.959 [INFO ] Servo: err=(+1,-7)px r=7  Δ=(+5.0,+0.0,-1.0)mm  pos=(250,-6,-100)  [calibrated]
02:38:06.971 [INFO ] frame=26 state=NEAR      c=(641,353) z=414.7mm tilt=1.0°
02:38:07.220 [INFO ] SAM3: 1 detection(s) for 'box'
02:38:07.222 [DEBUG]   det conf=0.96 sim=0.929 pos=0.51 prox=0.99 -> 0.886
02:38:07.223 [INFO ] SAM3: 'box' score=0.96 @ [516 110 767 591]  (top of 1)  sim=0.929
02:38:07.224 [INFO ] SAM3: mask obtained (score=0.961, area=114203 px)
02:38:07.250 [DEBUG] Grasp point: robust centroid (641, 350)
02:38:07.251 [INFO ] MaskTracker: anchor locked (IoU streak=24, last IoU=0.979)
02:38:07.252 [DEBUG] NEAR SAM3: c=(642,350) score=0.96
02:38:07.258 [DEBUG] NEAR plane: tilt=3.2° roll=-2.8° pitch=1.6°
02:38:07.762 [INFO ] Servo: err=(+2,-10)px r=10  Δ=(+5.0,-0.5,+2.9)mm  pos=(255,-7,-97)  [calibrated]
02:38:07.774 [INFO ] frame=27 state=NEAR      c=(642,350) z=407.6mm tilt=3.2°
02:38:08.101 [INFO ] SAM3: 1 detection(s) for 'box'
02:38:08.104 [DEBUG]   det conf=0.97 sim=0.925 pos=0.51 prox=0.98 -> 0.881
02:38:08.105 [INFO ] SAM3: 'box' score=0.97 @ [515 112 768 598]  (top of 1)  sim=0.925
02:38:08.105 [INFO ] SAM3: mask obtained (score=0.966, area=117005 px)
02:38:08.132 [DEBUG] Grasp point: robust centroid (641, 354)
02:38:08.132 [INFO ] MaskTracker: anchor locked (IoU streak=25, last IoU=0.971)
02:38:08.134 [DEBUG] NEAR SAM3: c=(641,353) score=0.97
02:38:08.139 [DEBUG] NEAR plane: tilt=2.6° roll=-2.3° pitch=1.3°
02:38:08.643 [INFO ] Servo: err=(+1,-7)px r=7  Δ=(+5.0,+0.0,-1.0)mm  pos=(260,-7,-98)  [calibrated]
02:38:08.654 [INFO ] frame=28 state=NEAR      c=(641,353) z=402.3mm tilt=2.6°
02:38:08.908 [INFO ] SAM3: 1 detection(s) for 'box'
02:38:08.911 [DEBUG]   det conf=0.96 sim=0.926 pos=0.51 prox=1.00 -> 0.885
02:38:08.913 [INFO ] SAM3: 'box' score=0.96 @ [513 107 770 599]  (top of 1)  sim=0.926
02:38:08.913 [INFO ] SAM3: mask obtained (score=0.964, area=120292 px)
02:38:08.944 [DEBUG] Grasp point: robust centroid (642, 352)
02:38:08.945 [INFO ] MaskTracker: anchor locked (IoU streak=26, last IoU=0.973)
02:38:08.947 [DEBUG] NEAR SAM3: c=(641,352) score=0.96
02:38:08.953 [DEBUG] NEAR plane: tilt=0.3° roll=-0.0° pitch=0.3°
02:38:09.458 [INFO ] Servo: err=(+1,-8)px r=8  Δ=(+5.0,+0.0,-1.0)mm  pos=(265,-7,-99)  [calibrated]
02:38:09.468 [INFO ] frame=29 state=NEAR      c=(641,352) z=398.2mm tilt=0.3°
02:38:09.719 [INFO ] SAM3: 1 detection(s) for 'box'
02:38:09.722 [DEBUG]   det conf=0.97 sim=0.927 pos=0.51 prox=1.00 -> 0.887
02:38:09.724 [INFO ] SAM3: 'box' score=0.97 @ [511 102 772 600]  (top of 1)  sim=0.927
02:38:09.724 [INFO ] SAM3: mask obtained (score=0.966, area=123094 px)
02:38:09.750 [DEBUG] Grasp point: robust centroid (642, 351)
02:38:09.751 [INFO ] MaskTracker: anchor locked (IoU streak=27, last IoU=0.977)
02:38:09.752 [DEBUG] NEAR SAM3: c=(642,351) score=0.97
02:38:09.759 [DEBUG] NEAR plane: tilt=1.6° roll=-1.3° pitch=0.8°
02:38:10.263 [INFO ] Servo: err=(+2,-9)px r=9  Δ=(+5.0,-0.5,+2.8)mm  pos=(270,-7,-96)  [calibrated]
02:38:10.331 [INFO ] frame=30 state=NEAR      c=(642,351) z=392.4mm tilt=1.6°
02:38:10.584 [INFO ] SAM3: 1 detection(s) for 'box'
02:38:10.587 [DEBUG]   det conf=0.97 sim=0.926 pos=0.51 prox=0.98 -> 0.881
02:38:10.589 [INFO ] SAM3: 'box' score=0.97 @ [509 103 773 608]  (top of 1)  sim=0.926
02:38:10.589 [INFO ] SAM3: mask obtained (score=0.966, area=126533 px)
02:38:10.617 [DEBUG] Grasp point: robust centroid (641, 355)
02:38:10.617 [INFO ] MaskTracker: anchor locked (IoU streak=28, last IoU=0.971)
02:38:10.618 [DEBUG] NEAR SAM3: c=(641,353) score=0.97
02:38:10.624 [DEBUG] NEAR plane: tilt=2.7° roll=-2.5° pitch=1.0°
02:38:11.128 [INFO ] Servo: err=(+1,-7)px r=7  Δ=(+5.0,+0.0,-1.0)mm  pos=(275,-7,-97)  [calibrated]
02:38:11.139 [INFO ] frame=31 state=NEAR      c=(641,353) z=387.0mm tilt=2.7°
02:38:11.481 [INFO ] SAM3: 1 detection(s) for 'box'
02:38:11.486 [DEBUG]   det conf=0.97 sim=0.926 pos=0.51 prox=1.00 -> 0.885
02:38:11.489 [INFO ] SAM3: 'box' score=0.97 @ [508  99 775 609]  (top of 1)  sim=0.926
02:38:11.489 [INFO ] SAM3: mask obtained (score=0.968, area=129633 px)
02:38:11.534 [DEBUG] Grasp point: robust centroid (641, 354)
02:38:11.535 [INFO ] MaskTracker: anchor locked (IoU streak=29, last IoU=0.976)
02:38:11.536 [DEBUG] NEAR SAM3: c=(641,353) score=0.97
02:38:11.542 [DEBUG] NEAR plane: tilt=1.0° roll=-0.2° pitch=1.0°
02:38:12.046 [INFO ] Servo: err=(+1,-7)px r=7  Δ=(+5.0,+0.0,-1.0)mm  pos=(280,-7,-98)  [calibrated]
02:38:12.059 [INFO ] frame=32 state=NEAR      c=(641,353) z=381.8mm tilt=1.0°
02:38:12.304 [INFO ] SAM3: 1 detection(s) for 'box'
02:38:12.306 [DEBUG]   det conf=0.97 sim=0.927 pos=0.51 prox=1.00 -> 0.886
02:38:12.308 [INFO ] SAM3: 'box' score=0.97 @ [506  93 776 611]  (top of 1)  sim=0.927
02:38:12.308 [INFO ] SAM3: mask obtained (score=0.968, area=132886 px)
02:38:12.336 [DEBUG] Grasp point: robust centroid (641, 352)
02:38:12.336 [INFO ] MaskTracker: anchor locked (IoU streak=30, last IoU=0.976)
02:38:12.338 [DEBUG] NEAR SAM3: c=(642,352) score=0.97
02:38:12.343 [DEBUG] NEAR plane: tilt=1.2° roll=-0.2° pitch=-1.2°
02:38:12.848 [INFO ] Servo: err=(+2,-8)px r=9  Δ=(+5.0,-0.5,+2.6)mm  pos=(285,-8,-95)  [calibrated]
02:38:12.859 [INFO ] frame=33 state=NEAR      c=(642,352) z=378.1mm tilt=1.2°
02:38:13.109 [INFO ] SAM3: 1 detection(s) for 'box'
02:38:13.111 [DEBUG]   det conf=0.97 sim=0.928 pos=0.50 prox=0.99 -> 0.883
02:38:13.113 [INFO ] SAM3: 'box' score=0.97 @ [503  94 778 618]  (top of 1)  sim=0.928
02:38:13.113 [INFO ] SAM3: mask obtained (score=0.967, area=136315 px)
02:38:13.141 [DEBUG] Grasp point: robust centroid (642, 355)
02:38:13.141 [INFO ] MaskTracker: anchor locked (IoU streak=31, last IoU=0.973)
02:38:13.142 [DEBUG] NEAR SAM3: c=(641,354) score=0.97
02:38:13.148 [DEBUG] NEAR plane: tilt=2.5° roll=-2.5° pitch=-0.4°
02:38:13.652 [INFO ] Servo: err=(+1,-6)px r=6  Δ=(+5.0,+0.0,-1.0)mm  pos=(290,-8,-96)  [calibrated]
02:38:13.663 [INFO ] frame=34 state=NEAR      c=(641,354) z=371.7mm tilt=2.5°
02:38:14.088 [INFO ] SAM3: 1 detection(s) for 'box'
02:38:14.092 [DEBUG]   det conf=0.96 sim=0.931 pos=0.51 prox=1.00 -> 0.887
02:38:14.095 [INFO ] SAM3: 'box' score=0.96 @ [502  89 780 620]  (top of 1)  sim=0.931
02:38:14.095 [INFO ] SAM3: mask obtained (score=0.964, area=140111 px)
02:38:14.122 [DEBUG] Grasp point: robust centroid (641, 355)
02:38:14.123 [INFO ] MaskTracker: anchor locked (IoU streak=32, last IoU=0.973)
02:38:14.124 [DEBUG] NEAR SAM3: c=(641,353) score=0.96
02:38:14.129 [DEBUG] NEAR plane: tilt=2.8° roll=-2.8° pitch=0.2°
02:38:14.633 [INFO ] Servo: err=(+1,-7)px r=7  Δ=(+5.0,+0.0,-1.0)mm  pos=(295,-8,-97)  [calibrated]
02:38:14.644 [INFO ] frame=35 state=NEAR      c=(641,353) z=366.6mm tilt=2.8°
02:38:14.896 [INFO ] SAM3: 1 detection(s) for 'box'
02:38:14.898 [DEBUG]   det conf=0.96 sim=0.930 pos=0.51 prox=0.99 -> 0.886
02:38:14.900 [INFO ] SAM3: 'box' score=0.96 @ [501  83 782 621]  (top of 1)  sim=0.930
02:38:14.901 [INFO ] SAM3: mask obtained (score=0.964, area=143650 px)
02:38:14.928 [DEBUG] Grasp point: robust centroid (642, 352)
02:38:14.928 [INFO ] MaskTracker: anchor locked (IoU streak=33, last IoU=0.975)
02:38:14.930 [DEBUG] NEAR SAM3: c=(642,352) score=0.96
02:38:14.935 [DEBUG] NEAR plane: tilt=1.1° roll=1.1° pitch=0.1°
02:38:15.440 [INFO ] Servo: err=(+2,-8)px r=8  Δ=(+5.0,-0.6,+2.4)mm  pos=(300,-8,-95)  [calibrated]
02:38:15.451 [INFO ] frame=36 state=NEAR      c=(642,352) z=362.0mm tilt=1.1°
02:38:15.706 [INFO ] SAM3: 1 detection(s) for 'box'
02:38:15.708 [DEBUG]   det conf=0.97 sim=0.931 pos=0.50 prox=0.99 -> 0.884
02:38:15.710 [INFO ] SAM3: 'box' score=0.97 @ [498  83 783 629]  (top of 1)  sim=0.931
02:38:15.710 [INFO ] SAM3: mask obtained (score=0.967, area=147797 px)
02:38:15.738 [DEBUG] Grasp point: robust centroid (642, 355)
02:38:15.738 [INFO ] MaskTracker: anchor locked (IoU streak=34, last IoU=0.972)
02:38:15.740 [DEBUG] NEAR SAM3: c=(642,354) score=0.97
02:38:15.745 [DEBUG] NEAR plane: tilt=2.8° roll=-2.6° pitch=1.1°
02:38:16.250 [INFO ] Servo: err=(+2,-6)px r=6  Δ=(+5.0,+0.0,-1.0)mm  pos=(305,-8,-96)  [calibrated]
02:38:16.261 [INFO ] frame=37 state=NEAR      c=(642,354) z=357.3mm tilt=2.8°
02:38:16.680 [INFO ] SAM3: 1 detection(s) for 'box'
02:38:16.683 [DEBUG]   det conf=0.97 sim=0.929 pos=0.51 prox=1.00 -> 0.887
02:38:16.685 [INFO ] SAM3: 'box' score=0.97 @ [496  78 786 631]  (top of 1)  sim=0.929
02:38:16.685 [INFO ] SAM3: mask obtained (score=0.967, area=151805 px)
02:38:16.713 [DEBUG] Grasp point: robust centroid (641, 354)
02:38:16.714 [INFO ] MaskTracker: anchor locked (IoU streak=35, last IoU=0.974)
02:38:16.715 [DEBUG] NEAR SAM3: c=(642,354) score=0.97
02:38:16.720 [DEBUG] NEAR plane: tilt=1.4° roll=0.5° pitch=1.3°
02:38:17.224 [INFO ] Servo: err=(+2,-6)px r=6  Δ=(+5.0,+0.0,-1.0)mm  pos=(310,-8,-97)  [calibrated]
02:38:17.236 [INFO ] frame=38 state=NEAR      c=(642,354) z=352.8mm tilt=1.4°
02:38:17.487 [INFO ] SAM3: 1 detection(s) for 'box'
02:38:17.490 [DEBUG]   det conf=0.97 sim=0.926 pos=0.51 prox=1.00 -> 0.885
02:38:17.492 [INFO ] SAM3: 'box' score=0.97 @ [495  72 788 633]  (top of 1)  sim=0.926
02:38:17.492 [INFO ] SAM3: mask obtained (score=0.971, area=156184 px)
02:38:17.519 [DEBUG] Grasp point: robust centroid (643, 351)
02:38:17.520 [INFO ] MaskTracker: anchor locked (IoU streak=36, last IoU=0.972)
02:38:17.521 [DEBUG] NEAR SAM3: c=(642,352) score=0.97
02:38:17.526 [DEBUG] NEAR plane: tilt=1.1° roll=1.0° pitch=0.2°
02:38:18.030 [INFO ] Servo: err=(+2,-8)px r=8  Δ=(+5.0,-0.6,+2.5)mm  pos=(315,-9,-94)  [calibrated]
02:38:18.042 [INFO ] frame=39 state=NEAR      c=(642,352) z=347.2mm tilt=1.1°
02:38:18.285 [INFO ] SAM3: 1 detection(s) for 'box'
02:38:18.288 [DEBUG]   det conf=0.97 sim=0.934 pos=0.50 prox=0.98 -> 0.885
02:38:18.290 [INFO ] SAM3: 'box' score=0.97 @ [492  72 790 641]  (top of 1)  sim=0.934
02:38:18.290 [INFO ] SAM3: mask obtained (score=0.968, area=160774 px)
02:38:18.317 [DEBUG] Grasp point: robust centroid (641, 356)
02:38:18.317 [INFO ] MaskTracker: anchor locked (IoU streak=37, last IoU=0.971)
02:38:18.319 [DEBUG] NEAR SAM3: c=(642,354) score=0.97
02:38:18.324 [DEBUG] NEAR plane: tilt=4.4° roll=-2.9° pitch=3.4°
02:38:18.829 [INFO ] Servo: err=(+2,-6)px r=6  Δ=(+5.0,+0.0,-1.0)mm  pos=(320,-9,-95)  [calibrated]
02:38:18.840 [INFO ] frame=40 state=NEAR      c=(642,354) z=342.2mm tilt=4.4°
02:38:19.203 [INFO ] SAM3: 1 detection(s) for 'box'
02:38:19.206 [DEBUG]   det conf=0.97 sim=0.931 pos=0.51 prox=1.00 -> 0.888
02:38:19.207 [INFO ] SAM3: 'box' score=0.97 @ [490  66 792 644]  (top of 1)  sim=0.931
02:38:19.208 [INFO ] SAM3: mask obtained (score=0.968, area=165299 px)
02:38:19.234 [DEBUG] Grasp point: robust centroid (642, 354)
02:38:19.235 [INFO ] MaskTracker: anchor locked (IoU streak=38, last IoU=0.973)
02:38:19.236 [DEBUG] NEAR SAM3: c=(642,354) score=0.97
02:38:19.242 [DEBUG] NEAR plane: tilt=1.8° roll=-0.2° pitch=1.8°
02:38:19.746 [INFO ] Servo: err=(+2,-6)px r=6  Δ=(+5.0,+0.0,-1.0)mm  pos=(325,-9,-96)  [calibrated]
02:38:19.758 [INFO ] frame=41 state=NEAR      c=(642,354) z=336.7mm tilt=1.8°
02:38:20.007 [INFO ] SAM3: 1 detection(s) for 'box'
02:38:20.010 [DEBUG]   det conf=0.97 sim=0.929 pos=0.51 prox=1.00 -> 0.886
02:38:20.011 [INFO ] SAM3: 'box' score=0.97 @ [488  59 795 645]  (top of 1)  sim=0.929
02:38:20.012 [INFO ] SAM3: mask obtained (score=0.966, area=170257 px)
02:38:20.039 [DEBUG] Grasp point: robust centroid (642, 352)
02:38:20.040 [INFO ] MaskTracker: anchor locked (IoU streak=39, last IoU=0.971)
02:38:20.041 [DEBUG] NEAR SAM3: c=(642,352) score=0.97
02:38:20.047 [DEBUG] NEAR plane: tilt=1.9° roll=-1.9° pitch=-0.1°
02:38:20.551 [INFO ] Servo: err=(+2,-8)px r=8  Δ=(+5.0,-0.6,+2.5)mm  pos=(330,-9,-94)  [calibrated]
02:38:20.561 [INFO ] frame=42 state=NEAR      c=(642,352) z=331.7mm tilt=1.9°
02:38:20.808 [INFO ] SAM3: 1 detection(s) for 'box'
02:38:20.810 [DEBUG]   det conf=0.97 sim=0.928 pos=0.50 prox=0.98 -> 0.882
02:38:20.812 [INFO ] SAM3: 'box' score=0.97 @ [486  60 796 655]  (top of 1)  sim=0.928
02:38:20.813 [INFO ] SAM3: mask obtained (score=0.965, area=175100 px)
02:38:20.840 [DEBUG] Grasp point: robust centroid (641, 357)
02:38:20.841 [INFO ] MaskTracker: anchor locked (IoU streak=40, last IoU=0.971)
02:38:20.842 [DEBUG] NEAR SAM3: c=(642,355) score=0.97
02:38:20.848 [DEBUG] NEAR plane: tilt=1.4° roll=-1.4° pitch=-0.2°
02:38:21.352 [INFO ] Servo: err=(+2,-5)px r=6  Δ=(+5.0,+0.0,-1.0)mm  pos=(335,-9,-95)  [calibrated]
02:38:21.364 [INFO ] frame=43 state=NEAR      c=(642,355) z=327.4mm tilt=1.4°
02:38:21.718 [INFO ] SAM3: 1 detection(s) for 'box'
02:38:21.720 [DEBUG]   det conf=0.96 sim=0.927 pos=0.51 prox=1.00 -> 0.885
02:38:21.722 [INFO ] SAM3: 'box' score=0.96 @ [484  53 799 658]  (top of 1)  sim=0.927
02:38:21.722 [INFO ] SAM3: mask obtained (score=0.964, area=180719 px)
02:38:21.750 [DEBUG] Grasp point: robust centroid (641, 355)
02:38:21.750 [INFO ] MaskTracker: anchor locked (IoU streak=41, last IoU=0.969)
02:38:21.751 [DEBUG] NEAR SAM3: c=(642,354) score=0.96
02:38:21.757 [DEBUG] NEAR plane: tilt=4.0° roll=-1.6° pitch=3.6°
02:38:22.261 [INFO ] Servo: err=(+2,-6)px r=6  Δ=(+5.0,+0.0,-1.0)mm  pos=(340,-9,-96)  [calibrated]
02:38:22.272 [INFO ] frame=44 state=NEAR      c=(642,354) z=321.4mm tilt=4.0°
02:38:22.524 [INFO ] SAM3: 1 detection(s) for 'box'
02:38:22.527 [DEBUG]   det conf=0.97 sim=0.931 pos=0.51 prox=0.99 -> 0.887
02:38:22.529 [INFO ] SAM3: 'box' score=0.97 @ [482  46 802 660]  (top of 1)  sim=0.931
02:38:22.529 [INFO ] SAM3: mask obtained (score=0.966, area=186023 px)
02:38:22.557 [DEBUG] Grasp point: robust centroid (643, 352)
02:38:22.557 [INFO ] MaskTracker: anchor locked (IoU streak=42, last IoU=0.971)
02:38:22.559 [DEBUG] NEAR SAM3: c=(642,352) score=0.97
02:38:22.564 [DEBUG] NEAR plane: tilt=1.6° roll=1.4° pitch=-0.8°
02:38:23.068 [INFO ] Servo: err=(+2,-8)px r=8  Δ=(+5.0,-0.7,+2.4)mm  pos=(345,-10,-93)  [calibrated]
02:38:23.079 [INFO ] frame=45 state=NEAR      c=(642,352) z=316.6mm tilt=1.6°
02:38:23.319 [INFO ] SAM3: 1 detection(s) for 'box'
02:38:23.322 [DEBUG]   det conf=0.96 sim=0.933 pos=0.50 prox=0.98 -> 0.884
02:38:23.324 [INFO ] SAM3: 'box' score=0.96 @ [478  46 804 669]  (top of 1)  sim=0.933
02:38:23.324 [INFO ] SAM3: mask obtained (score=0.964, area=191919 px)
02:38:23.352 [DEBUG] Grasp point: robust centroid (641, 357)
02:38:23.352 [INFO ] MaskTracker: anchor locked (IoU streak=43, last IoU=0.969)
02:38:23.353 [DEBUG] NEAR SAM3: c=(642,354) score=0.96
02:38:23.359 [DEBUG] NEAR plane: tilt=3.0° roll=-0.9° pitch=2.9°
02:38:23.863 [INFO ] Servo: err=(+2,-6)px r=6  Δ=(+5.0,+0.0,-1.0)mm  pos=(350,-10,-94)  [calibrated]
02:38:23.874 [INFO ] frame=46 state=NEAR      c=(642,354) z=311.9mm tilt=3.0°
02:38:24.220 [INFO ] SAM3: 1 detection(s) for 'box'
02:38:24.222 [DEBUG]   det conf=0.96 sim=0.933 pos=0.51 prox=1.00 -> 0.888
02:38:24.224 [INFO ] SAM3: 'box' score=0.96 @ [475  39 807 673]  (top of 1)  sim=0.933
02:38:24.224 [INFO ] SAM3: mask obtained (score=0.964, area=198263 px)
02:38:24.251 [DEBUG] Grasp point: robust centroid (642, 355)
02:38:24.252 [INFO ] MaskTracker: anchor locked (IoU streak=44, last IoU=0.968)
02:38:24.253 [DEBUG] NEAR SAM3: c=(642,354) score=0.96
02:38:24.259 [DEBUG] NEAR plane: tilt=2.3° roll=-1.0° pitch=2.1°
02:38:24.763 [INFO ] Servo: err=(+2,-6)px r=6  Δ=(+5.0,+0.0,-1.0)mm  pos=(355,-10,-95)  [calibrated]
02:38:24.775 [INFO ] frame=47 state=NEAR      c=(642,354) z=306.7mm tilt=2.3°
02:38:25.026 [INFO ] SAM3: 1 detection(s) for 'box'
02:38:25.029 [DEBUG]   det conf=0.96 sim=0.933 pos=0.51 prox=0.99 -> 0.887
02:38:25.031 [INFO ] SAM3: 'box' score=0.96 @ [473  31 810 674]  (top of 1)  sim=0.933
02:38:25.031 [INFO ] SAM3: mask obtained (score=0.962, area=204628 px)
02:38:25.059 [DEBUG] Grasp point: robust centroid (642, 352)
02:38:25.059 [INFO ] MaskTracker: anchor locked (IoU streak=45, last IoU=0.969)
02:38:25.059 [INFO ] NEAR: box exited frame (score=0.96 border=True) — switching to tracking phase
02:38:25.294 [INFO ] NEAR handoff anchor: (642, 354)
02:38:25.418 [ERROR] Pipeline step error: name 'fused' is not defined
Traceback (most recent call last):
  File "/data/user/akanksha/repo/visual_servoing_for_suction_grippers/foundation_model/servo_lastmile.py", line 2036, in _run_zed_loop
    per_frame(frame)
  File "/data/user/akanksha/repo/visual_servoing_for_suction_grippers/foundation_model/servo_lastmile_v2.py", line 1115, in perception_loop_for_frame
    res = pipeline.step(frame_bgr)
  File "/data/user/akanksha/repo/visual_servoing_for_suction_grippers/foundation_model/servo_lastmile_v2.py", line 682, in step
    res["c_fused"] = fused
NameError: name 'fused' is not defined
02:38:26.103 [ERROR] Pipeline step error: name 'fused' is not defined
Traceback (most recent call last):
  File "/data/user/akanksha/repo/visual_servoing_for_suction_grippers/foundation_model/servo_lastmile.py", line 2036, in _run_zed_loop
    per_frame(frame)
  File "/data/user/akanksha/repo/visual_servoing_for_suction_grippers/foundation_model/servo_lastmile_v2.py", line 1115, in perception_loop_for_frame
    res = pipeline.step(frame_bgr)
  File "/data/user/akanksha/repo/visual_servoing_for_suction_grippers/foundation_model/servo_lastmile_v2.py", line 682, in step
    res["c_fused"] = fused
NameError: name 'fused' is not defined
02:38:26.612 [WARNING] Signal B: CoTracker3 step failed (narrow(): length must be non-negative.); downgrading to LK for the rest of approach.
02:38:26.704 [ERROR] Pipeline step error: name 'fused' is not defined
Traceback (most recent call last):
  File "/data/user/akanksha/repo/visual_servoing_for_suction_grippers/foundation_model/servo_lastmile.py", line 2036, in _run_zed_loop
    per_frame(frame)
  File "/data/user/akanksha/repo/visual_servoing_for_suction_grippers/foundation_model/servo_lastmile_v2.py", line 1115, in perception_loop_for_frame
    res = pipeline.step(frame_bgr)
  File "/data/user/akanksha/repo/visual_servoing_for_suction_grippers/foundation_model/servo_lastmile_v2.py", line 682, in step
    res["c_fused"] = fused
NameError: name 'fused' is not defined
02:38:27.298 [ERROR] Pipeline step error: name 'fused' is not defined
Traceback (most recent call last):
  File "/data/user/akanksha/repo/visual_servoing_for_suction_grippers/foundation_model/servo_lastmile.py", line 2036, in _run_zed_loop
    per_frame(frame)
  File "/data/user/akanksha/repo/visual_servoing_for_suction_grippers/foundation_model/servo_lastmile_v2.py", line 1115, in perception_loop_for_frame
    res = pipeline.step(frame_bgr)
  File "/data/user/akanksha/repo/visual_servoing_for_suction_grippers/foundation_model/servo_lastmile_v2.py", line 682, in step
    res["c_fused"] = fused
NameError: name 'fused' is not defined
02:38:27.896 [ERROR] Pipeline step error: name 'fused' is not defined
Traceback (most recent call last):
  File "/data/user/akanksha/repo/visual_servoing_for_suction_grippers/foundation_model/servo_lastmile.py", line 2036, in _run_zed_loop
    per_frame(frame)
  File "/data/user/akanksha/repo/visual_servoing_for_suction_grippers/foundation_model/servo_lastmile_v2.py", line 1115, in perception_loop_for_frame
    res = pipeline.step(frame_bgr)
  File "/data/user/akanksha/repo/visual_servoing_for_suction_grippers/foundation_model/servo_lastmile_v2.py", line 682, in step
    res["c_fused"] = fused
NameError: name 'fused' is not defined
02:38:28.492 [ERROR] Pipeline step error: name 'fused' is not defined
Traceback (most recent call last):
  File "/data/user/akanksha/repo/visual_servoing_for_suction_grippers/foundation_model/servo_lastmile.py", line 2036, in _run_zed_loop
    per_frame(frame)
  File "/data/user/akanksha/repo/visual_servoing_for_suction_grippers/foundation_model/servo_lastmile_v2.py", line 1115, in perception_loop_for_frame
    res = pipeline.step(frame_bgr)
  File "/data/user/akanksha/repo/visual_servoing_for_suction_grippers/foundation_model/servo_lastmile_v2.py", line 682, in step
    res["c_fused"] = fused
NameError: name 'fused' is not defined
02:38:29.089 [ERROR] Pipeline step error: name 'fused' is not defined
Traceback (most recent call last):
  File "/data/user/akanksha/repo/visual_servoing_for_suction_grippers/foundation_model/servo_lastmile.py", line 2036, in _run_zed_loop
    per_frame(frame)
  File "/data/user/akanksha/repo/visual_servoing_for_suction_grippers/foundation_model/servo_lastmile_v2.py", line 1115, in perception_loop_for_frame
    res = pipeline.step(frame_bgr)
  File "/data/user/akanksha/repo/visual_servoing_for_suction_grippers/foundation_model/servo_lastmile_v2.py", line 682, in step
    res["c_fused"] = fused
NameError: name 'fused' is not defined
02:38:29.685 [ERROR] Pipeline step error: name 'fused' is not defined
Traceback (most recent call last):
  File "/data/user/akanksha/repo/visual_servoing_for_suction_grippers/foundation_model/servo_lastmile.py", line 2036, in _run_zed_loop
    per_frame(frame)
  File "/data/user/akanksha/repo/visual_servoing_for_suction_grippers/foundation_model/servo_lastmile_v2.py", line 1115, in perception_loop_for_frame
    res = pipeline.step(frame_bgr)
  File "/data/user/akanksha/repo/visual_servoing_for_suction_grippers/foundation_model/servo_lastmile_v2.py", line 682, in step
    res["c_fused"] = fused
NameError: name 'fused' is not defined
02:38:30.280 [ERROR] Pipeline step error: name 'fused' is not defined
Traceback (most recent call last):
  File "/data/user/akanksha/repo/visual_servoing_for_suction_grippers/foundation_model/servo_lastmile.py", line 2036, in _run_zed_loop
    per_frame(frame)
  File "/data/user/akanksha/repo/visual_servoing_for_suction_grippers/foundation_model/servo_lastmile_v2.py", line 1115, in perception_loop_for_frame
    res = pipeline.step(frame_bgr)
  File "/data/user/akanksha/repo/visual_servoing_for_suction_grippers/foundation_model/servo_lastmile_v2.py", line 682, in step
    res["c_fused"] = fused
NameError: name 'fused' is not defined
02:38:30.877 [ERROR] Pipeline step error: name 'fused' is not defined
Traceback (most recent call last):
  File "/data/user/akanksha/repo/visual_servoing_for_suction_grippers/foundation_model/servo_lastmile.py", line 2036, in _run_zed_loop
    per_frame(frame)
  File "/data/user/akanksha/repo/visual_servoing_for_suction_grippers/foundation_model/servo_lastmile_v2.py", line 1115, in perception_loop_for_frame
    res = pipeline.step(frame_bgr)
  File "/data/user/akanksha/repo/visual_servoing_for_suction_grippers/foundation_model/servo_lastmile_v2.py", line 682, in step
    res["c_fused"] = fused
NameError: name 'fused' is not defined
02:38:31.475 [ERROR] Pipeline step error: name 'fused' is not defined
Traceback (most recent call last):
  File "/data/user/akanksha/repo/visual_servoing_for_suction_grippers/foundation_model/servo_lastmile.py", line 2036, in _run_zed_loop
    per_frame(frame)
  File "/data/user/akanksha/repo/visual_servoing_for_suction_grippers/foundation_model/servo_lastmile_v2.py", line 1115, in perception_loop_for_frame
    res = pipeline.step(frame_bgr)
  File "/data/user/akanksha/repo/visual_servoing_for_suction_grippers/foundation_model/servo_lastmile_v2.py", line 682, in step
    res["c_fused"] = fused
NameError: name 'fused' is not defined
02:38:32.073 [ERROR] Pipeline step error: name 'fused' is not defined
Traceback (most recent call last):
  File "/data/user/akanksha/repo/visual_servoing_for_suction_grippers/foundation_model/servo_lastmile.py", line 2036, in _run_zed_loop
    per_frame(frame)
  File "/data/user/akanksha/repo/visual_servoing_for_suction_grippers/foundation_model/servo_lastmile_v2.py", line 1115, in perception_loop_for_frame
    res = pipeline.step(frame_bgr)
  File "/data/user/akanksha/repo/visual_servoing_for_suction_grippers/foundation_model/servo_lastmile_v2.py", line 682, in step
    res["c_fused"] = fused
NameError: name 'fused' is not defined
02:38:32.670 [ERROR] Pipeline step error: name 'fused' is not defined
Traceback (most recent call last):
  File "/data/user/akanksha/repo/visual_servoing_for_suction_grippers/foundation_model/servo_lastmile.py", line 2036, in _run_zed_loop
    per_frame(frame)
  File "/data/user/akanksha/repo/visual_servoing_for_suction_grippers/foundation_model/servo_lastmile_v2.py", line 1115, in perception_loop_for_frame
    res = pipeline.step(frame_bgr)
  File "/data/user/akanksha/repo/visual_servoing_for_suction_grippers/foundation_model/servo_lastmile_v2.py", line 682, in step
    res["c_fused"] = fused
NameError: name 'fused' is not defined
02:38:33.265 [ERROR] Pipeline step error: name 'fused' is not defined
Traceback (most recent call last):
  File "/data/user/akanksha/repo/visual_servoing_for_suction_grippers/foundation_model/servo_lastmile.py", line 2036, in _run_zed_loop
    per_frame(frame)
  File "/data/user/akanksha/repo/visual_servoing_for_suction_grippers/foundation_model/servo_lastmile_v2.py", line 1115, in perception_loop_for_frame
    res = pipeline.step(frame_bgr)
  File "/data/user/akanksha/repo/visual_servoing_for_suction_grippers/foundation_model/servo_lastmile_v2.py", line 682, in step
    res["c_fused"] = fused
NameError: name 'fused' is not defined
02:38:33.863 [ERROR] Pipeline step error: name 'fused' is not defined
Traceback (most recent call last):
  File "/data/user/akanksha/repo/visual_servoing_for_suction_grippers/foundation_model/servo_lastmile.py", line 2036, in _run_zed_loop
    per_frame(frame)
  File "/data/user/akanksha/repo/visual_servoing_for_suction_grippers/foundation_model/servo_lastmile_v2.py", line 1115, in perception_loop_for_frame
    res = pipeline.step(frame_bgr)
  File "/data/user/akanksha/repo/visual_servoing_for_suction_grippers/foundation_model/servo_lastmile_v2.py", line 682, in step
    res["c_fused"] = fused
NameError: name 'fused' is not defined
02:38:34.461 [ERROR] Pipeline step error: name 'fused' is not defined
Traceback (most recent call last):
  File "/data/user/akanksha/repo/visual_servoing_for_suction_grippers/foundation_model/servo_lastmile.py", line 2036, in _run_zed_loop
    per_frame(frame)
  File "/data/user/akanksha/repo/visual_servoing_for_suction_grippers/foundation_model/servo_lastmile_v2.py", line 1115, in perception_loop_for_frame
    res = pipeline.step(frame_bgr)
  File "/data/user/akanksha/repo/visual_servoing_for_suction_grippers/foundation_model/servo_lastmile_v2.py", line 682, in step
    res["c_fused"] = fused
NameError: name 'fused' is not defined
02:38:35.064 [ERROR] Pipeline step error: name 'fused' is not defined
Traceback (most recent call last):
  File "/data/user/akanksha/repo/visual_servoing_for_suction_grippers/foundation_model/servo_lastmile.py", line 2036, in _run_zed_loop
    per_frame(frame)
  File "/data/user/akanksha/repo/visual_servoing_for_suction_grippers/foundation_model/servo_lastmile_v2.py", line 1115, in perception_loop_for_frame
    res = pipeline.step(frame_bgr)
  File "/data/user/akanksha/repo/visual_servoing_for_suction_grippers/foundation_model/servo_lastmile_v2.py", line 682, in step
    res["c_fused"] = fused
NameError: name 'fused' is not defined
02:38:35.664 [ERROR] Pipeline step error: name 'fused' is not defined
Traceback (most recent call last):
  File "/data/user/akanksha/repo/visual_servoing_for_suction_grippers/foundation_model/servo_lastmile.py", line 2036, in _run_zed_loop
    per_frame(frame)
  File "/data/user/akanksha/repo/visual_servoing_for_suction_grippers/foundation_model/servo_lastmile_v2.py", line 1115, in perception_loop_for_frame
    res = pipeline.step(frame_bgr)
  File "/data/user/akanksha/repo/visual_servoing_for_suction_grippers/foundation_model/servo_lastmile_v2.py", line 682, in step
    res["c_fused"] = fused
NameError: name 'fused' is not defined
02:38:36.356 [INFO ] Video saved: runs/v2_proteinbar_servo12/overlay.mp4
02:38:36.356 [INFO ] Video saved: runs/v2_proteinbar_servo12/raw.mp4
02:38:36.356 [INFO ] Returning to home position [205.2, 5.6, -52.9] mm …
02:38:40.030 [INFO ] Home position reached.
02:38:40.030 [INFO ] Robot stopped.
