00:27:57.865 [INFO ] Logging to /data/user/akanksha/repo/visual_servoing_for_suction_grippers/logs/servo_lastmile_20260428_002757.log
00:27:57.878 [INFO ] ======================================================================
00:27:57.878 [INFO ] servo_lastmile_v2 starting
00:27:57.878 [INFO ]   improvements: surface-normal-in-NEAR=ON  ee-masking=ON  sixdof=False
00:27:57.878 [INFO ]   prompt=box  ref=masked_objects/protein_bar.png  hand-eye=None
00:27:57.878 [INFO ]   offline=False  debug=True  dry-run=False  no-robot=False
00:27:57.878 [INFO ] ======================================================================
00:27:57.891 [INFO ] PyZED available - will use ZED SDK for capture and SVO recording
00:27:58.956 [INFO ] Robot connected: 192.168.1.241
00:27:58.956 [INFO ] Home position captured: [205.3, 5.6, -52.9] mm
00:27:58.962 [INFO ] Processing reference image ...
00:28:01.966 [INFO ] SAM3 loaded: facebook/sam3 on cuda
00:28:02.425 [INFO ] SAM3: 1 detection(s) for 'box'
00:28:02.425 [INFO ] Ref image: detected 'box' score=0.96 @ [  2   1 423 715]
00:28:02.503 [INFO ] Feature extractor (ResNet-18) loaded
00:28:02.525 [INFO ] Ref features: 512-d vector (norm=1.000)
00:28:02.526 [WARNING] Hand-eye: no path supplied; using identity. Signal A (locked-3D projection) will be unreliable. Run a one-time calibrateHandEye to populate.
00:28:04.567 [INFO ] SAM3: 1 detection(s) for 'box'
00:28:04.569 [DEBUG]   det conf=0.96 sim=0.931 pos=0.41 prox=0.00 -> 0.623
00:28:04.571 [INFO ] SAM3: 'box' score=0.96 @ [554 209 780 645]  (top of 1)  sim=0.931
00:28:04.571 [INFO ] SAM3: mask obtained (score=0.963, area=93700 px)
00:28:04.770 [DEBUG] Grasp point: robust centroid (667, 427)
00:28:04.772 [DEBUG] Servo: waiting [waiting for calibration...]
00:28:04.778 [INFO ] Video recording: overlay=runs/v2_servo4/overlay.mp4  raw=runs/v2_servo4/raw.mp4
00:28:04.791 [INFO ] Calibration thread: starting Y/Z Jacobian calibration.
00:28:04.791 [INFO ] === Calibration: waiting for camera frame ===
00:28:04.792 [INFO ] Home: [205.3, 5.6, -52.9] mm
00:28:04.839 [INFO ] frame=0 state=FAR       c=(667,426) z=450.8mm tilt=-
00:28:05.092 [INFO ]   [Y] moving +8 mm at 30 mm/s...
00:28:05.200 [INFO ] SAM3: 1 detection(s) for 'box'
00:28:05.204 [DEBUG]   det conf=0.96 sim=0.932 pos=0.41 prox=1.00 -> 0.873
00:28:05.207 [INFO ] SAM3: 'box' score=0.96 @ [553 209 781 645]  (top of 1)  sim=0.932
00:28:05.207 [INFO ] SAM3: mask obtained (score=0.963, area=93713 px)
00:28:05.250 [DEBUG] Grasp point: robust centroid (667, 427)
00:28:05.262 [INFO ] frame=1 state=FAR       c=(667,426) z=450.9mm tilt=-
00:28:05.524 [INFO ] SAM3: 1 detection(s) for 'box'
00:28:05.526 [DEBUG]   det conf=0.96 sim=0.928 pos=0.41 prox=1.00 -> 0.871
00:28:05.528 [INFO ] SAM3: 'box' score=0.96 @ [554 209 781 645]  (top of 1)  sim=0.928
00:28:05.528 [INFO ] SAM3: mask obtained (score=0.965, area=93691 px)
00:28:05.556 [DEBUG] Grasp point: robust centroid (667, 427)
00:28:07.200 [INFO ]   [Y] returning home...
00:28:07.646 [INFO ] frame=2 state=NEAR      c=(667,426) z=451.0mm tilt=-
00:28:07.663 [WARNING] Signal B: CoTracker3 step failed ('NoneType' object has no attribute 'detach'); downgrading to LK for the rest of approach.
00:28:07.832 [INFO ]   [Y] flow: (-0.1, -0.1) px / 8 mm  -> J[:,{col}]=[-0.0073, -0.0129]
00:28:07.847 [DEBUG] NEAR plane: tilt=2.7° roll=0.6° pitch=2.6° inliers=25585
00:28:07.869 [INFO ] frame=3 state=NEAR      c=(671,434) z=449.6mm tilt=2.7°
00:28:08.037 [DEBUG] NEAR plane: tilt=3.5° roll=-0.9° pitch=3.3° inliers=25569
00:28:08.057 [INFO ] frame=4 state=NEAR      c=(668,434) z=449.7mm tilt=3.5°
00:28:08.133 [INFO ]   [Z] moving +8 mm at 30 mm/s...
00:28:08.231 [DEBUG] NEAR plane: tilt=2.7° roll=-0.9° pitch=2.6° inliers=25599
00:28:08.249 [INFO ] frame=5 state=NEAR      c=(667,434) z=449.7mm tilt=2.7°
00:28:08.433 [DEBUG] NEAR plane: tilt=1.7° roll=-0.0° pitch=1.7° inliers=25599
00:28:08.461 [INFO ] frame=6 state=NEAR      c=(667,434) z=449.7mm tilt=1.7°
00:28:08.620 [DEBUG] NEAR plane: tilt=1.6° roll=-0.5° pitch=1.5° inliers=25600
00:28:08.633 [INFO ] frame=7 state=NEAR      c=(667,438) z=449.7mm tilt=1.6°
00:28:08.807 [DEBUG] NEAR plane: tilt=4.0° roll=0.8° pitch=3.9° inliers=25574
00:28:08.826 [INFO ] frame=8 state=NEAR      c=(668,444) z=449.3mm tilt=4.0°
00:28:09.088 [DEBUG] NEAR plane: tilt=1.3° roll=-0.4° pitch=1.3° inliers=25592
00:28:09.108 [INFO ] frame=9 state=NEAR      c=(667,446) z=449.6mm tilt=1.3°
00:28:09.313 [DEBUG] NEAR plane: tilt=2.8° roll=1.7° pitch=2.3° inliers=25595
00:28:09.332 [INFO ] frame=10 state=NEAR      c=(667,446) z=449.6mm tilt=2.8°
00:28:09.508 [DEBUG] NEAR plane: tilt=2.0° roll=0.2° pitch=2.0° inliers=25596
00:28:09.523 [INFO ] frame=11 state=NEAR      c=(667,446) z=449.7mm tilt=2.0°
00:28:09.700 [DEBUG] NEAR plane: tilt=2.5° roll=1.4° pitch=2.0° inliers=25597
00:28:09.713 [INFO ] frame=12 state=NEAR      c=(667,446) z=449.7mm tilt=2.5°
00:28:09.892 [DEBUG] NEAR plane: tilt=2.6° roll=-1.6° pitch=2.1° inliers=25590
00:28:09.892 [DEBUG] Servo: waiting [calibrating Z...]
00:28:09.910 [INFO ] frame=13 state=NEAR      c=(667,446) z=449.7mm tilt=2.6°
00:28:10.094 [DEBUG] NEAR plane: tilt=2.4° roll=-1.2° pitch=2.1° inliers=25594
00:28:10.117 [INFO ] frame=14 state=NEAR      c=(667,446) z=449.8mm tilt=2.4°
00:28:10.249 [INFO ]   [Z] returning home...
00:28:10.286 [DEBUG] NEAR plane: tilt=2.6° roll=1.1° pitch=2.4° inliers=25595
00:28:10.308 [INFO ] frame=15 state=NEAR      c=(667,446) z=449.8mm tilt=2.6°
00:28:10.538 [DEBUG] NEAR plane: tilt=2.6° roll=0.1° pitch=2.6° inliers=25599
00:28:10.555 [INFO ] frame=16 state=NEAR      c=(667,446) z=449.8mm tilt=2.6°
00:28:10.776 [DEBUG] NEAR plane: tilt=3.3° roll=-0.1° pitch=3.3° inliers=25596
00:28:10.797 [INFO ] frame=17 state=NEAR      c=(667,443) z=449.9mm tilt=3.3°
00:28:10.864 [INFO ]   [Z] flow: (+0.0, +13.0) px / 8 mm  -> J[:,{col}]=[+0.0024, +1.6290]
00:28:10.864 [INFO ] J_yz (px/mm):
[[-0.00733948  0.00243759]
 [-0.01293182  1.6289711 ]]
00:28:10.865 [INFO ] J_yz_inv (mm/px):
[[-136.60966358    0.20442263]
 [  -1.08449566    0.61550727]]
00:28:10.865 [INFO ] === Calibration complete [calibrated] ===
00:28:11.003 [DEBUG] NEAR plane: tilt=2.6° roll=2.2° pitch=1.3° inliers=25547
00:28:11.007 [WARNING] Servo: clamping Z -61.5 -> 0.0 mm (base limit)
00:28:12.517 [INFO ] Servo: err=(+27,+76)px r=81  Δ=(+3.0,+12.0,-8.6)mm  pos=(208,18,0)  [calibrated]
00:28:12.528 [INFO ] frame=18 state=NEAR      c=(667,436) z=450.0mm tilt=2.6°
00:28:12.685 [DEBUG] NEAR plane: tilt=4.2° roll=-1.5° pitch=3.9° inliers=25574
00:28:12.689 [WARNING] Servo: clamping Z -9.5 -> 0.0 mm (base limit)
00:28:13.445 [INFO ] Servo: err=(+48,+115)px r=124  Δ=(+3.0,+12.0,-9.5)mm  pos=(211,30,0)  [calibrated]
00:28:13.456 [INFO ] frame=19 state=NEAR      c=(688,475) z=447.4mm tilt=4.2°
00:28:13.624 [DEBUG] NEAR plane: tilt=3.4° roll=-2.3° pitch=2.5° inliers=25486
00:28:13.626 [WARNING] Servo: clamping Z -5.2 -> 0.0 mm (base limit)
00:28:14.382 [INFO ] Servo: err=(+53,+111)px r=123  Δ=(+3.0,+12.0,-5.2)mm  pos=(214,42,0)  [calibrated]
00:28:14.394 [INFO ] frame=20 state=NEAR      c=(693,471) z=444.8mm tilt=3.4°
00:28:14.563 [DEBUG] NEAR plane: tilt=1.0° roll=1.0° pitch=-0.0° inliers=25595
00:28:15.372 [INFO ] Servo: err=(+83,+120)px r=146  Δ=(+3.0,+12.0,+8.1)mm  pos=(217,54,8)  [calibrated]
00:28:15.385 [INFO ] frame=21 state=NEAR      c=(723,480) z=443.6mm tilt=1.0°
00:28:15.628 [DEBUG] NEAR plane: tilt=1.0° roll=0.9° pitch=-0.5° inliers=25589
00:28:16.487 [INFO ] Servo: err=(+93,+109)px r=143  Δ=(+3.0,+12.0,+12.0)mm  pos=(220,66,20)  [calibrated]
00:28:16.498 [INFO ] frame=22 state=NEAR      c=(733,469) z=439.6mm tilt=1.0°
00:28:16.652 [DEBUG] NEAR plane: tilt=2.2° roll=-2.1° pitch=-0.7° inliers=25549
00:28:17.508 [INFO ] Servo: err=(+106,+136)px r=172  Δ=(+3.0,+12.0,+12.0)mm  pos=(223,78,32)  [calibrated]
00:28:17.519 [INFO ] frame=23 state=NEAR      c=(746,496) z=436.7mm tilt=2.2°
00:28:17.685 [DEBUG] NEAR plane: tilt=1.5° roll=0.0° pitch=-1.5° inliers=24352
00:28:18.542 [INFO ] Servo: err=(+117,+128)px r=174  Δ=(+3.0,+12.0,+12.0)mm  pos=(226,90,44)  [calibrated]
00:28:18.553 [INFO ] frame=24 state=NEAR      c=(757,488) z=433.8mm tilt=1.5°
00:28:18.702 [DEBUG] NEAR plane: tilt=3.3° roll=-0.7° pitch=3.2° inliers=25594
00:28:19.562 [INFO ] Servo: err=(+154,+164)px r=225  Δ=(+3.0,+12.0,+12.0)mm  pos=(229,102,56)  [calibrated]
00:28:19.573 [INFO ] frame=25 state=NEAR      c=(794,524) z=431.0mm tilt=3.3°
00:28:19.724 [DEBUG] NEAR plane: tilt=1.9° roll=-1.9° pitch=0.2° inliers=23756
00:28:20.583 [INFO ] Servo: err=(+157,+148)px r=216  Δ=(+3.0,+12.0,+12.0)mm  pos=(232,114,68)  [calibrated]
00:28:20.597 [INFO ] frame=26 state=NEAR      c=(797,508) z=427.3mm tilt=1.9°
00:28:20.751 [DEBUG] NEAR plane: tilt=3.9° roll=2.4° pitch=-3.1° inliers=23784
00:28:21.609 [INFO ] Servo: err=(+177,+163)px r=240  Δ=(+3.0,+12.0,+12.0)mm  pos=(235,126,80)  [calibrated]
00:28:21.620 [INFO ] frame=27 state=NEAR      c=(817,523) z=424.5mm tilt=3.9°
00:28:21.881 [DEBUG] NEAR plane: tilt=2.7° roll=-1.8° pitch=-1.9° inliers=22341
00:28:22.739 [INFO ] Servo: err=(+192,+154)px r=247  Δ=(+3.0,+12.0,+12.0)mm  pos=(238,138,92)  [calibrated]
00:28:22.743 [INFO ] Quit requested via window key.
00:28:22.750 [INFO ] frame=28 state=NEAR      c=(832,514) z=422.4mm tilt=2.7°
00:28:23.086 [INFO ] Video saved: runs/v2_servo4/overlay.mp4
00:28:23.086 [INFO ] Video saved: runs/v2_servo4/raw.mp4
00:28:23.086 [INFO ] Returning to home position [205.3, 5.6, -52.9] mm …
00:28:27.614 [INFO ] Home position reached.
00:28:27.615 [INFO ] Robot stopped.
00:28:27.619 [INFO ] Done.
