01:16:58.001 [INFO ] Logging to /data/user/akanksha/repo/visual_servoing_for_suction_grippers/logs/servo_lastmile_20260428_011657.log
01:16:58.023 [INFO ] ======================================================================
01:16:58.023 [INFO ] servo_lastmile_v2 starting
01:16:58.023 [INFO ]   improvements: surface-normal-in-NEAR=ON  ee-masking=ON  sixdof=False
01:16:58.023 [INFO ]   prompt=box  ref=masked_objects/protein_bar.png  hand-eye=None
01:16:58.023 [INFO ]   offline=False  debug=True  dry-run=False  no-robot=False
01:16:58.023 [INFO ] ======================================================================
01:16:58.043 [INFO ] PyZED available - will use ZED SDK for capture and SVO recording
01:16:59.105 [INFO ] Robot connected: 192.168.1.241
01:16:59.106 [INFO ] Home position captured: [205.3, 5.6, -52.9] mm
01:16:59.112 [INFO ] Processing reference image ...
01:17:02.100 [INFO ] SAM3 loaded: facebook/sam3 on cuda
01:17:02.557 [INFO ] SAM3: 1 detection(s) for 'box'
01:17:02.558 [INFO ] Ref image: detected 'box' score=0.96 @ [  2   1 423 715]
01:17:02.635 [INFO ] Feature extractor (ResNet-18) loaded
01:17:02.658 [INFO ] Ref features: 512-d vector (norm=1.000)
01:17:02.658 [WARNING] Hand-eye: no path supplied; using identity. Signal A (locked-3D projection) will be unreliable. Run a one-time calibrateHandEye to populate.
01:17:04.721 [INFO ] SAM3: 1 detection(s) for 'box'
01:17:04.723 [DEBUG]   det conf=0.97 sim=0.927 pos=0.43 prox=0.00 -> 0.624
01:17:04.725 [INFO ] SAM3: 'box' score=0.97 @ [555 243 734 583]  (top of 1)  sim=0.927
01:17:04.725 [INFO ] SAM3: mask obtained (score=0.967, area=57515 px)
01:17:04.932 [INFO ] Calibration thread: starting Y/Z Jacobian calibration.
01:17:04.932 [INFO ] === Calibration: waiting for camera frame ===
01:17:04.933 [INFO ] Home: [205.3, 5.6, -52.9] mm
01:17:04.944 [DEBUG] Grasp point: robust centroid (644, 413)
01:17:04.946 [DEBUG] Servo: waiting [calibrating Y...]
01:17:04.953 [INFO ] Video recording: overlay=runs/v2_servo8/overlay.mp4  raw=runs/v2_servo8/raw.mp4
01:17:05.013 [INFO ] frame=0 state=FAR       c=(644,413) z=577.6mm tilt=-
01:17:05.233 [INFO ]   [Y] moving +25 mm at 30 mm/s...
01:17:05.447 [INFO ] SAM3: 1 detection(s) for 'box'
01:17:05.449 [DEBUG]   det conf=0.97 sim=0.927 pos=0.43 prox=1.00 -> 0.873
01:17:05.451 [INFO ] SAM3: 'box' score=0.97 @ [555 243 734 583]  (top of 1)  sim=0.927
01:17:05.451 [INFO ] SAM3: mask obtained (score=0.969, area=57494 px)
01:17:05.478 [DEBUG] Grasp point: robust centroid (644, 413)
01:17:05.490 [INFO ] frame=1 state=FAR       c=(644,413) z=577.9mm tilt=-
01:17:05.744 [INFO ] SAM3: 1 detection(s) for 'box'
01:17:05.746 [DEBUG]   det conf=0.97 sim=0.931 pos=0.43 prox=0.99 -> 0.875
01:17:05.748 [INFO ] SAM3: 'box' score=0.97 @ [555 243 735 583]  (top of 1)  sim=0.931
01:17:05.748 [INFO ] SAM3: mask obtained (score=0.968, area=57414 px)
01:17:05.775 [DEBUG] Grasp point: robust centroid (645, 413)
01:17:07.898 [INFO ]   [Y] returning home...
01:17:08.132 [INFO ] frame=2 state=NEAR      c=(645,412) z=577.7mm tilt=-
01:17:08.140 [WARNING] Signal B: CoTracker3 step failed ('NoneType' object has no attribute 'detach'); downgrading to LK for the rest of approach.
01:17:08.323 [DEBUG] NEAR plane: tilt=2.6° roll=1.3° pitch=2.3° inliers=25036
01:17:08.337 [INFO ] frame=3 state=NEAR      c=(682,415) z=577.6mm tilt=2.6°
01:17:08.522 [DEBUG] NEAR plane: tilt=2.1° roll=1.3° pitch=1.6° inliers=24924
01:17:08.542 [INFO ] frame=4 state=NEAR      c=(682,415) z=577.2mm tilt=2.1°
01:17:08.715 [DEBUG] NEAR plane: tilt=1.0° roll=-0.8° pitch=0.7° inliers=25333
01:17:08.728 [INFO ] frame=5 state=NEAR      c=(678,416) z=577.2mm tilt=1.0°
01:17:08.912 [DEBUG] NEAR plane: tilt=1.5° roll=-0.9° pitch=1.2° inliers=25476
01:17:08.926 [INFO ] frame=6 state=NEAR      c=(673,416) z=576.5mm tilt=1.5°
01:17:09.091 [WARNING]   [Y] flow too small (1.00 px < 1.0 px threshold) — axis ignored to prevent runaway. Try moving the robot closer or increasing CAL_DELTA.
01:17:09.210 [DEBUG] NEAR plane: tilt=1.0° roll=-0.9° pitch=-0.3° inliers=25279
01:17:09.224 [INFO ] frame=7 state=NEAR      c=(667,417) z=576.6mm tilt=1.0°
01:17:09.394 [INFO ]   [Z] moving +25 mm at 30 mm/s...
01:17:09.405 [DEBUG] NEAR plane: tilt=0.7° roll=0.1° pitch=0.7° inliers=25244
01:17:09.418 [INFO ] frame=8 state=NEAR      c=(662,417) z=576.9mm tilt=0.7°
01:17:09.606 [DEBUG] NEAR plane: tilt=0.3° roll=-0.2° pitch=-0.2° inliers=25210
01:17:09.635 [INFO ] frame=9 state=NEAR      c=(658,418) z=577.0mm tilt=0.3°
01:17:09.796 [DEBUG] NEAR plane: tilt=0.5° roll=-0.3° pitch=-0.3° inliers=25206
01:17:09.808 [INFO ] frame=10 state=NEAR      c=(658,418) z=577.1mm tilt=0.5°
01:17:09.986 [DEBUG] NEAR plane: tilt=0.5° roll=-0.4° pitch=-0.3° inliers=25315
01:17:09.986 [DEBUG] Servo: waiting [calibrating Z...]
01:17:10.007 [INFO ] frame=11 state=NEAR      c=(652,421) z=576.8mm tilt=0.5°
01:17:10.193 [DEBUG] NEAR plane: tilt=1.6° roll=-1.5° pitch=0.3° inliers=25216
01:17:10.214 [INFO ] frame=12 state=NEAR      c=(652,421) z=576.7mm tilt=1.6°
01:17:10.380 [DEBUG] NEAR plane: tilt=0.9° roll=-0.9° pitch=0.0° inliers=25333
01:17:10.393 [INFO ] frame=13 state=NEAR      c=(651,433) z=576.9mm tilt=0.9°
01:17:10.664 [DEBUG] NEAR plane: tilt=1.6° roll=0.5° pitch=1.5° inliers=24841
01:17:10.683 [INFO ] frame=14 state=NEAR      c=(651,433) z=576.7mm tilt=1.6°
01:17:10.862 [DEBUG] NEAR plane: tilt=0.9° roll=0.3° pitch=0.9° inliers=25290
01:17:10.880 [INFO ] frame=15 state=NEAR      c=(651,444) z=576.9mm tilt=0.9°
01:17:11.057 [DEBUG] NEAR plane: tilt=1.5° roll=0.7° pitch=1.3° inliers=24943
01:17:11.077 [INFO ] frame=16 state=NEAR      c=(651,444) z=577.1mm tilt=1.5°
01:17:11.249 [DEBUG] NEAR plane: tilt=0.9° roll=-0.0° pitch=0.9° inliers=25294
01:17:11.267 [INFO ] frame=17 state=NEAR      c=(651,444) z=577.2mm tilt=0.9°
01:17:11.444 [DEBUG] NEAR plane: tilt=1.0° roll=-0.2° pitch=1.0° inliers=25310
01:17:11.465 [INFO ] frame=18 state=NEAR      c=(651,444) z=577.2mm tilt=1.0°
01:17:11.635 [DEBUG] NEAR plane: tilt=1.0° roll=-0.5° pitch=0.8° inliers=25245
01:17:11.655 [INFO ] frame=19 state=NEAR      c=(651,444) z=577.2mm tilt=1.0°
01:17:11.835 [DEBUG] NEAR plane: tilt=0.1° roll=-0.0° pitch=0.1° inliers=25357
01:17:11.851 [INFO ] frame=20 state=NEAR      c=(651,444) z=577.1mm tilt=0.1°
01:17:12.066 [INFO ]   [Z] returning home...
01:17:12.132 [DEBUG] NEAR plane: tilt=0.5° roll=0.4° pitch=-0.2° inliers=25234
01:17:12.166 [INFO ] frame=21 state=NEAR      c=(651,444) z=577.2mm tilt=0.5°
01:17:12.334 [DEBUG] NEAR plane: tilt=0.7° roll=0.6° pitch=0.4° inliers=25238
01:17:12.356 [INFO ] frame=22 state=NEAR      c=(651,444) z=577.3mm tilt=0.7°
01:17:12.520 [DEBUG] NEAR plane: tilt=0.6° roll=0.6° pitch=0.3° inliers=25235
01:17:12.538 [INFO ] frame=23 state=NEAR      c=(651,444) z=577.5mm tilt=0.6°
01:17:12.716 [DEBUG] NEAR plane: tilt=2.0° roll=0.8° pitch=1.8° inliers=24756
01:17:12.736 [INFO ] frame=24 state=NEAR      c=(651,444) z=577.7mm tilt=2.0°
01:17:12.911 [DEBUG] NEAR plane: tilt=1.2° roll=-1.2° pitch=0.2° inliers=25200
01:17:12.930 [INFO ] frame=25 state=NEAR      c=(651,444) z=577.8mm tilt=1.2°
01:17:13.159 [DEBUG] NEAR plane: tilt=1.1° roll=1.0° pitch=0.3° inliers=25260
01:17:13.172 [INFO ] frame=26 state=NEAR      c=(651,439) z=577.8mm tilt=1.1°
01:17:13.246 [INFO ]   [Z] flow: (-0.2, +31.6) px / 25 mm  -> J[:,{col}]=[-0.0083, +1.2639]
01:17:13.247 [INFO ] J_yz (px/mm):
[[ 0.         -0.00830811]
 [ 0.          1.26389465]]
01:17:13.247 [INFO ] J_yz_inv (mm/px):
[[ 0.         0.       ]
 [-0.0052007  0.791171 ]]
01:17:13.247 [INFO ] === Calibration complete [partial cal (rank=1)] ===
01:17:13.359 [DEBUG] NEAR plane: tilt=1.0° roll=-0.4° pitch=0.9° inliers=25224
01:17:14.117 [INFO ] Servo: err=(+11,+73)px r=74  Δ=(+0.0,-4.0,-12.0)mm  pos=(205,2,-65)  [partial cal (rank=1)]
01:17:14.128 [INFO ] frame=27 state=NEAR      c=(651,433) z=577.7mm tilt=1.0°
01:17:14.287 [DEBUG] NEAR plane: tilt=1.4° roll=-1.3° pitch=0.4° inliers=25376
01:17:15.043 [INFO ] Servo: err=(+10,+64)px r=65  Δ=(+0.0,-4.0,-12.0)mm  pos=(205,-2,-77)  [partial cal (rank=1)]
01:17:15.054 [INFO ] frame=28 state=NEAR      c=(650,424) z=578.2mm tilt=1.4°
01:17:15.217 [DEBUG] NEAR plane: tilt=0.3° roll=-0.3° pitch=0.1° inliers=25289
01:17:15.973 [INFO ] Servo: err=(+7,+53)px r=54  Δ=(+0.0,-4.0,-12.0)mm  pos=(205,-6,-89)  [partial cal (rank=1)]
01:17:15.984 [INFO ] frame=29 state=NEAR      c=(647,413) z=578.1mm tilt=0.3°
01:17:16.138 [DEBUG] NEAR plane: tilt=1.1° roll=0.6° pitch=0.9° inliers=25152
01:17:16.894 [INFO ] Servo: err=(+4,+41)px r=41  Δ=(+0.0,-4.0,-12.0)mm  pos=(205,-10,-101)  [partial cal (rank=1)]
01:17:16.961 [INFO ] frame=30 state=NEAR      c=(644,401) z=577.8mm tilt=1.1°
01:17:17.234 [DEBUG] NEAR plane: tilt=0.5° roll=0.4° pitch=-0.3° inliers=25246
01:17:17.940 [INFO ] Servo: err=(-0,+28)px r=28  Δ=(+0.0,-4.0,-11.0)mm  pos=(205,-14,-112)  [partial cal (rank=1)]
01:17:17.952 [INFO ] frame=31 state=NEAR      c=(640,388) z=578.0mm tilt=0.5°
01:17:18.119 [DEBUG] NEAR plane: tilt=1.9° roll=1.4° pitch=-1.3° inliers=25426
01:17:18.577 [INFO ] Servo: err=(-9,+1)px r=9  Δ=(+0.0,-4.0,-1.0)mm  pos=(205,-18,-113)  [partial cal (rank=1)]
01:17:18.589 [INFO ] frame=32 state=NEAR      c=(631,361) z=578.1mm tilt=1.9°
01:17:18.745 [DEBUG] NEAR plane: tilt=0.5° roll=0.5° pitch=-0.2° inliers=25397
01:17:19.199 [INFO ] Servo: err=(-14,-7)px r=16  Δ=(+0.0,-4.0,+2.6)mm  pos=(205,-22,-110)  [partial cal (rank=1)]
01:17:19.210 [INFO ] frame=33 state=NEAR      c=(626,353) z=578.0mm tilt=0.5°
01:17:19.359 [DEBUG] NEAR plane: tilt=1.4° roll=1.0° pitch=-1.0° inliers=25278
01:17:19.817 [INFO ] Servo: err=(-14,-7)px r=16  Δ=(+0.0,-4.0,+2.6)mm  pos=(205,-26,-108)  [partial cal (rank=1)]
01:17:19.828 [INFO ] frame=34 state=NEAR      c=(626,353) z=577.8mm tilt=1.4°
01:17:19.986 [DEBUG] NEAR plane: tilt=0.9° roll=-0.8° pitch=-0.3° inliers=25471
01:17:20.492 [INFO ] Servo: err=(-24,-9)px r=25  Δ=(+0.0,-4.0,+3.3)mm  pos=(205,-30,-104)  [partial cal (rank=1)]
01:17:20.503 [INFO ] frame=35 state=NEAR      c=(616,351) z=577.4mm tilt=0.9°
01:17:20.656 [DEBUG] NEAR plane: tilt=1.3° roll=-0.4° pitch=1.2° inliers=25226
01:17:21.162 [INFO ] Servo: err=(-24,-9)px r=25  Δ=(+0.0,-4.0,+3.3)mm  pos=(205,-34,-101)  [partial cal (rank=1)]
01:17:21.174 [INFO ] frame=36 state=NEAR      c=(616,351) z=577.2mm tilt=1.3°
01:17:21.326 [DEBUG] NEAR plane: tilt=1.3° roll=-0.9° pitch=-1.0° inliers=25377
01:17:21.783 [INFO ] Servo: err=(-34,-2)px r=34  Δ=(+0.0,-4.0,+0.9)mm  pos=(205,-38,-100)  [partial cal (rank=1)]
01:17:21.794 [INFO ] frame=37 state=NEAR      c=(606,358) z=577.0mm tilt=1.3°
01:17:21.953 [DEBUG] NEAR plane: tilt=1.5° roll=-1.5° pitch=0.3° inliers=25305
01:17:22.407 [INFO ] Servo: err=(-34,-2)px r=34  Δ=(+0.0,-4.0,+0.9)mm  pos=(205,-42,-99)  [partial cal (rank=1)]
01:17:22.418 [INFO ] frame=38 state=NEAR      c=(606,358) z=577.7mm tilt=1.5°
01:17:22.571 [DEBUG] NEAR plane: tilt=1.9° roll=-1.8° pitch=0.7° inliers=25320
01:17:23.028 [INFO ] Servo: err=(-44,+2)px r=44  Δ=(+0.0,-4.0,-0.8)mm  pos=(205,-46,-100)  [partial cal (rank=1)]
01:17:23.039 [INFO ] frame=39 state=NEAR      c=(596,362) z=576.4mm tilt=1.9°
01:17:23.229 [DEBUG] NEAR plane: tilt=2.1° roll=-0.8° pitch=2.0° inliers=25077
01:17:23.686 [INFO ] Servo: err=(-44,+2)px r=44  Δ=(+0.0,-4.0,-0.8)mm  pos=(205,-50,-101)  [partial cal (rank=1)]
01:17:23.697 [INFO ] frame=40 state=NEAR      c=(596,362) z=576.0mm tilt=2.1°
01:17:23.868 [DEBUG] NEAR plane: tilt=1.0° roll=-0.9° pitch=0.4° inliers=25292
01:17:24.322 [INFO ] Servo: err=(-54,+2)px r=54  Δ=(+0.0,-4.0,-1.1)mm  pos=(205,-54,-102)  [partial cal (rank=1)]
01:17:24.334 [INFO ] frame=41 state=NEAR      c=(586,362) z=576.8mm tilt=1.0°
01:17:24.580 [DEBUG] NEAR plane: tilt=1.0° roll=-0.1° pitch=1.0° inliers=25535
01:17:25.033 [INFO ] Servo: err=(-54,+2)px r=54  Δ=(+0.0,-4.0,-1.1)mm  pos=(205,-58,-103)  [partial cal (rank=1)]
01:17:25.044 [INFO ] frame=42 state=NEAR      c=(586,362) z=577.2mm tilt=1.0°
01:17:25.219 [DEBUG] NEAR plane: tilt=1.8° roll=-0.6° pitch=1.7° inliers=25407
01:17:25.673 [INFO ] Servo: err=(-64,+1)px r=64  Δ=(+0.0,-4.0,-0.7)mm  pos=(205,-62,-104)  [partial cal (rank=1)]
01:17:25.686 [INFO ] frame=43 state=NEAR      c=(576,361) z=577.0mm tilt=1.8°
01:17:25.943 [DEBUG] NEAR plane: tilt=2.2° roll=0.6° pitch=2.1° inliers=24893
01:17:26.398 [INFO ] Servo: err=(-64,+1)px r=64  Δ=(+0.0,-4.0,-0.7)mm  pos=(205,-66,-105)  [partial cal (rank=1)]
01:17:26.410 [INFO ] frame=44 state=NEAR      c=(576,361) z=577.0mm tilt=2.2°
01:17:26.574 [DEBUG] NEAR plane: tilt=0.7° roll=-0.1° pitch=0.7° inliers=25115
01:17:27.031 [INFO ] Servo: err=(-74,+0)px r=74  Δ=(+0.0,-4.0,-0.2)mm  pos=(205,-70,-105)  [partial cal (rank=1)]
01:17:27.042 [INFO ] frame=45 state=NEAR      c=(566,360) z=577.1mm tilt=0.7°
01:17:27.314 [DEBUG] NEAR plane: tilt=2.0° roll=0.1° pitch=2.0° inliers=25227
01:17:27.768 [INFO ] Servo: err=(-74,+0)px r=74  Δ=(+0.0,-4.0,-0.2)mm  pos=(205,-74,-105)  [partial cal (rank=1)]
01:17:27.778 [INFO ] frame=46 state=NEAR      c=(566,360) z=577.3mm tilt=2.0°
01:17:27.941 [DEBUG] NEAR plane: tilt=1.2° roll=-0.4° pitch=1.2° inliers=25266
01:17:28.399 [INFO ] Servo: err=(-84,-1)px r=84  Δ=(+0.0,-4.0,+0.0)mm  pos=(205,-78,-105)  [partial cal (rank=1)]
01:17:28.410 [INFO ] frame=47 state=NEAR      c=(556,359) z=577.5mm tilt=1.2°
01:17:28.687 [DEBUG] NEAR plane: tilt=2.4° roll=0.3° pitch=2.4° inliers=25161
01:17:29.143 [INFO ] Servo: err=(-84,-1)px r=84  Δ=(+0.0,-4.0,+0.0)mm  pos=(205,-82,-105)  [partial cal (rank=1)]
01:17:29.153 [INFO ] frame=48 state=NEAR      c=(556,359) z=577.3mm tilt=2.4°
01:17:29.312 [DEBUG] NEAR plane: tilt=2.5° roll=-0.1° pitch=2.5° inliers=24830
01:17:29.769 [INFO ] Servo: err=(-95,+2)px r=95  Δ=(+0.0,-4.0,-0.9)mm  pos=(205,-86,-106)  [partial cal (rank=1)]
01:17:29.780 [INFO ] frame=49 state=NEAR      c=(545,362) z=577.2mm tilt=2.5°
01:17:30.047 [DEBUG] NEAR plane: tilt=2.2° roll=0.7° pitch=2.1° inliers=25183
01:17:30.502 [INFO ] Servo: err=(-95,+2)px r=95  Δ=(+0.0,-4.0,-0.9)mm  pos=(205,-90,-107)  [partial cal (rank=1)]
01:17:30.513 [INFO ] frame=50 state=NEAR      c=(545,362) z=577.2mm tilt=2.2°
01:17:30.679 [DEBUG] NEAR plane: tilt=1.1° roll=0.1° pitch=1.1° inliers=25207
01:17:31.137 [INFO ] Servo: err=(-105,+2)px r=105  Δ=(+0.0,-4.0,-0.9)mm  pos=(205,-94,-108)  [partial cal (rank=1)]
01:17:31.147 [INFO ] frame=51 state=NEAR      c=(535,362) z=579.2mm tilt=1.1°
01:17:31.394 [DEBUG] NEAR plane: tilt=4.4° roll=-0.6° pitch=4.3° inliers=24721
01:17:31.851 [INFO ] Servo: err=(-105,+2)px r=105  Δ=(+0.0,-4.0,-0.9)mm  pos=(205,-98,-109)  [partial cal (rank=1)]
01:17:31.863 [INFO ] frame=52 state=NEAR      c=(535,362) z=578.8mm tilt=4.4°
01:17:32.014 [DEBUG] NEAR plane: tilt=1.9° roll=0.3° pitch=1.8° inliers=25166
01:17:32.470 [INFO ] Servo: err=(-115,-0)px r=115  Δ=(+0.0,-4.0,-0.3)mm  pos=(205,-102,-109)  [partial cal (rank=1)]
01:17:32.481 [INFO ] frame=53 state=NEAR      c=(525,360) z=578.3mm tilt=1.9°
01:17:32.732 [DEBUG] NEAR plane: tilt=2.3° roll=0.6° pitch=2.2° inliers=25182
01:17:33.190 [INFO ] Servo: err=(-115,-0)px r=115  Δ=(+0.0,-4.0,-0.3)mm  pos=(205,-106,-109)  [partial cal (rank=1)]
01:17:33.201 [INFO ] frame=54 state=NEAR      c=(525,360) z=578.2mm tilt=2.3°
01:17:33.355 [DEBUG] NEAR plane: tilt=2.4° roll=-1.0° pitch=2.2° inliers=25073
01:17:33.812 [INFO ] Servo: err=(-125,-2)px r=125  Δ=(+0.0,-4.0,+0.3)mm  pos=(205,-110,-109)  [partial cal (rank=1)]
01:17:33.823 [INFO ] frame=55 state=NEAR      c=(515,358) z=578.2mm tilt=2.4°
01:17:34.074 [DEBUG] NEAR plane: tilt=2.2° roll=0.5° pitch=2.1° inliers=25202
01:17:34.530 [INFO ] Servo: err=(-125,-2)px r=125  Δ=(+0.0,-4.0,+0.3)mm  pos=(205,-114,-109)  [partial cal (rank=1)]
01:17:34.541 [INFO ] frame=56 state=NEAR      c=(515,358) z=578.0mm tilt=2.2°
01:17:34.693 [DEBUG] NEAR plane: tilt=2.2° roll=-0.4° pitch=2.2° inliers=25091
01:17:35.151 [INFO ] Servo: err=(-135,-1)px r=135  Δ=(+0.0,-4.0,-0.1)mm  pos=(205,-118,-109)  [partial cal (rank=1)]
01:17:35.161 [INFO ] frame=57 state=NEAR      c=(505,359) z=579.0mm tilt=2.2°
01:17:35.410 [DEBUG] NEAR plane: tilt=2.8° roll=-0.0° pitch=2.8° inliers=25050
01:17:35.864 [INFO ] Servo: err=(-135,-1)px r=135  Δ=(+0.0,-4.0,-0.1)mm  pos=(205,-122,-109)  [partial cal (rank=1)]
01:17:35.875 [INFO ] frame=58 state=NEAR      c=(505,359) z=579.4mm tilt=2.8°
01:17:36.030 [DEBUG] NEAR plane: tilt=3.3° roll=-0.5° pitch=3.3° inliers=24702
01:17:36.488 [INFO ] Servo: err=(-145,-0)px r=145  Δ=(+0.0,-4.0,-0.4)mm  pos=(205,-126,-109)  [partial cal (rank=1)]
01:17:36.498 [INFO ] frame=59 state=NEAR      c=(495,360) z=579.4mm tilt=3.3°
01:17:36.760 [DEBUG] NEAR plane: tilt=2.6° roll=1.6° pitch=2.0° inliers=25151
01:17:37.215 [INFO ] Servo: err=(-145,-0)px r=145  Δ=(+0.0,-4.0,-0.4)mm  pos=(205,-130,-110)  [partial cal (rank=1)]
01:17:37.280 [INFO ] frame=60 state=NEAR      c=(495,360) z=579.4mm tilt=2.6°
01:17:37.435 [DEBUG] NEAR plane: tilt=2.6° roll=0.7° pitch=2.5° inliers=25142
01:17:37.891 [INFO ] Servo: err=(-155,-1)px r=155  Δ=(+0.0,-4.0,-0.1)mm  pos=(205,-134,-110)  [partial cal (rank=1)]
01:17:37.903 [INFO ] frame=61 state=NEAR      c=(485,359) z=580.0mm tilt=2.6°
01:17:38.157 [DEBUG] NEAR plane: tilt=3.3° roll=-0.1° pitch=3.3° inliers=25172
01:17:38.614 [INFO ] Servo: err=(-155,-1)px r=155  Δ=(+0.0,-4.0,-0.1)mm  pos=(205,-138,-110)  [partial cal (rank=1)]
01:17:38.618 [INFO ] Quit requested via window key.
01:17:38.624 [INFO ] frame=62 state=NEAR      c=(485,359) z=580.1mm tilt=3.3°
01:17:38.664 [INFO ] Video saved: runs/v2_servo8/overlay.mp4
01:17:38.664 [INFO ] Video saved: runs/v2_servo8/raw.mp4
01:17:38.664 [INFO ] Returning to home position [205.3, 5.6, -52.9] mm …
01:17:42.284 [INFO ] Home position reached.
01:17:42.285 [INFO ] Robot stopped.
01:17:42.289 [INFO ] Done.
