00:01:28.996 [INFO ] Logging to /data/user/akanksha/repo/visual_servoing_for_suction_grippers/logs/servo_lastmile_20260428_000128.log
00:01:29.011 [INFO ] ======================================================================
00:01:29.011 [INFO ] servo_lastmile_v2 starting
00:01:29.011 [INFO ]   improvements: surface-normal-in-NEAR=ON  ee-masking=ON  sixdof=False
00:01:29.011 [INFO ]   prompt=box  ref=masked_objects/protein_bar.png  hand-eye=None
00:01:29.011 [INFO ]   offline=False  debug=True  dry-run=False  no-robot=False
00:01:29.011 [INFO ] ======================================================================
00:01:29.027 [INFO ] PyZED available - will use ZED SDK for capture and SVO recording
00:01:30.094 [INFO ] Robot connected: 192.168.1.241
00:01:30.101 [INFO ] Processing reference image ...
00:01:33.004 [INFO ] SAM3 loaded: facebook/sam3 on cuda
00:01:33.458 [INFO ] SAM3: 1 detection(s) for 'box'
00:01:33.458 [INFO ] Ref image: detected 'box' score=0.96 @ [  2   1 423 715]
00:01:33.573 [INFO ] Feature extractor (ResNet-18) loaded
00:01:33.607 [INFO ] Ref features: 512-d vector (norm=1.000)
00:01:33.608 [WARNING] Hand-eye: no path supplied; using identity. Signal A (locked-3D projection) will be unreliable. Run a one-time calibrateHandEye to populate.
00:01:35.544 [INFO ] SAM3: 1 detection(s) for 'box'
00:01:35.546 [DEBUG]   det conf=0.97 sim=0.931 pos=0.41 prox=0.00 -> 0.623
00:01:35.548 [INFO ] SAM3: 'box' score=0.97 @ [553 209 780 644]  (top of 1)  sim=0.931
00:01:35.548 [INFO ] SAM3: mask obtained (score=0.966, area=93575 px)
00:01:35.758 [DEBUG] Grasp point: robust centroid (667, 426)
00:01:35.760 [DEBUG] Servo: waiting [waiting for calibration...]
00:01:35.765 [INFO ] Video recording: overlay=runs/v2_proteinbar_servo2/overlay.mp4  raw=runs/v2_proteinbar_servo2/raw.mp4
00:01:35.765 [INFO ] Calibration thread: starting Y/Z Jacobian calibration.
00:01:35.765 [INFO ] === Calibration: waiting for camera frame ===
00:01:35.766 [INFO ] Home: [205.3, 5.6, -52.9] mm
00:01:35.825 [INFO ] frame=0 state=FAR       c=(667,425) z=449.4mm tilt=-
00:01:36.066 [INFO ]   [Y] moving +8 mm at 30 mm/s...
00:01:36.258 [INFO ] SAM3: 1 detection(s) for 'box'
00:01:36.261 [DEBUG]   det conf=0.97 sim=0.925 pos=0.41 prox=1.00 -> 0.870
00:01:36.263 [INFO ] SAM3: 'box' score=0.97 @ [554 209 780 644]  (top of 1)  sim=0.925
00:01:36.263 [INFO ] SAM3: mask obtained (score=0.967, area=93547 px)
00:01:36.289 [DEBUG] Grasp point: robust centroid (667, 426)
00:01:36.300 [INFO ] frame=1 state=FAR       c=(667,425) z=449.2mm tilt=-
00:01:36.561 [INFO ] SAM3: 1 detection(s) for 'box'
00:01:36.564 [DEBUG]   det conf=0.97 sim=0.932 pos=0.41 prox=1.00 -> 0.872
00:01:36.565 [INFO ] SAM3: 'box' score=0.97 @ [554 208 781 644]  (top of 1)  sim=0.932
00:01:36.565 [INFO ] SAM3: mask obtained (score=0.966, area=93666 px)
00:01:36.592 [DEBUG] Grasp point: robust centroid (669, 426)
00:01:38.173 [INFO ]   [Y] returning home...
00:01:38.791 [INFO ]   [Y] flow: (+1.1, -0.2) px / 8 mm  -> J[:,{col}]=[+0.1430, -0.0275]
00:01:39.092 [INFO ]   [Z] moving +8 mm at 30 mm/s...
00:01:39.766 [INFO ] frame=2 state=NEAR      c=(668,425) z=449.7mm tilt=-
00:01:39.781 [WARNING] Signal B: CoTracker3 step failed ('NoneType' object has no attribute 'detach'); downgrading to LK for the rest of approach.
00:01:40.037 [DEBUG] NEAR plane: tilt=2.4° roll=-0.3° pitch=2.3° inliers=25599
00:01:40.063 [INFO ] frame=3 state=NEAR      c=(667,437) z=449.4mm tilt=2.4°
00:01:40.228 [DEBUG] NEAR plane: tilt=2.8° roll=-0.8° pitch=2.6° inliers=25599
00:01:40.246 [INFO ] frame=4 state=NEAR      c=(666,439) z=449.3mm tilt=2.8°
00:01:40.419 [DEBUG] NEAR plane: tilt=2.2° roll=-1.7° pitch=1.4° inliers=25597
00:01:40.439 [INFO ] frame=5 state=NEAR      c=(668,439) z=449.5mm tilt=2.2°
00:01:40.621 [DEBUG] NEAR plane: tilt=2.5° roll=-1.6° pitch=1.9° inliers=25592
00:01:40.647 [INFO ] frame=6 state=NEAR      c=(669,439) z=449.6mm tilt=2.5°
00:01:40.807 [DEBUG] NEAR plane: tilt=1.9° roll=-0.3° pitch=1.9° inliers=25595
00:01:40.811 [DEBUG] Servo: waiting [calibrating Z...]
00:01:40.827 [INFO ] frame=7 state=NEAR      c=(670,440) z=449.6mm tilt=1.9°
00:01:41.005 [DEBUG] NEAR plane: tilt=3.0° roll=-1.5° pitch=2.6° inliers=25591
00:01:41.023 [INFO ] frame=8 state=NEAR      c=(670,439) z=449.6mm tilt=3.0°
00:01:41.198 [INFO ]   [Z] returning home...
00:01:41.236 [DEBUG] NEAR plane: tilt=2.2° roll=-1.0° pitch=1.9° inliers=25593
00:01:41.255 [INFO ] frame=9 state=NEAR      c=(670,440) z=449.6mm tilt=2.2°
00:01:41.500 [DEBUG] NEAR plane: tilt=2.8° roll=-0.3° pitch=2.8° inliers=25594
00:01:41.522 [INFO ] frame=10 state=NEAR      c=(670,440) z=449.6mm tilt=2.8°
00:01:41.694 [DEBUG] NEAR plane: tilt=3.6° roll=-0.7° pitch=3.6° inliers=25599
00:01:41.711 [INFO ] frame=11 state=NEAR      c=(667,437) z=449.6mm tilt=3.6°
00:01:41.815 [INFO ]   [Z] flow: (-1.3, +13.7) px / 8 mm  -> J[:,{col}]=[-0.1574, +1.7113]
00:01:41.815 [INFO ] J_yz (px/mm):
[[ 0.14300537 -0.157444  ]
 [-0.02754593  1.71127701]]
00:01:41.816 [INFO ] J_yz_inv (mm/px):
[[7.11890504 0.65496637]
 [0.11459095 0.59490173]]
00:01:41.816 [INFO ] === Calibration complete [calibrated] ===
00:01:41.887 [DEBUG] NEAR plane: tilt=2.7° roll=-0.9° pitch=2.5° inliers=25595
00:01:41.890 [WARNING] Servo: clamping Z -64.9 -> 0.0 mm (base limit)
00:01:43.400 [INFO ] Servo: err=(+29,+69)px r=75  Δ=(+3.0,-12.0,-12.0)mm  pos=(208,-6,0)  [calibrated]
00:01:43.412 [INFO ] frame=12 state=NEAR      c=(669,429) z=450.0mm tilt=2.7°
00:01:43.564 [DEBUG] NEAR plane: tilt=4.0° roll=-1.3° pitch=3.8° inliers=25592
00:01:43.565 [WARNING] Servo: clamping Z -12.0 -> 0.0 mm (base limit)
00:01:44.320 [INFO ] Servo: err=(+8,+116)px r=116  Δ=(+3.0,-12.0,-12.0)mm  pos=(211,-18,0)  [calibrated]
00:01:44.333 [INFO ] frame=13 state=NEAR      c=(648,476) z=446.4mm tilt=4.0°
00:01:44.498 [DEBUG] NEAR plane: tilt=5.6° roll=-3.1° pitch=4.6° inliers=22386
00:01:44.498 [WARNING] Servo: centroid jump 95 px - ignored
00:01:44.521 [INFO ] frame=14 state=NEAR      c=(657,381) z=446.9mm tilt=5.6°
00:01:44.684 [DEBUG] NEAR plane: tilt=6.0° roll=-4.2° pitch=4.3° inliers=23059
00:01:44.688 [WARNING] Servo: clamping Z -7.1 -> 0.0 mm (base limit)
00:01:45.444 [INFO ] Servo: err=(+17,+21)px r=27  Δ=(+3.0,-12.0,-7.1)mm  pos=(214,-30,0)  [calibrated]
00:01:45.454 [INFO ] frame=15 state=NEAR      c=(657,381) z=446.2mm tilt=6.0°
00:01:45.616 [DEBUG] NEAR plane: tilt=7.3° roll=-6.0° pitch=4.2° inliers=19975
00:01:46.020 [INFO ] Servo: err=(+12,+4)px r=13  Δ=(+3.0,+0.0,+0.0)mm  pos=(217,-30,0)  [calibrated]
00:01:46.032 [INFO ] frame=16 state=NEAR      c=(652,364) z=444.3mm tilt=7.3°
00:01:46.255 [DEBUG] NEAR plane: tilt=6.4° roll=-6.1° pitch=1.9° inliers=21380
00:01:46.659 [INFO ] Servo: err=(+8,+4)px r=9  Δ=(+3.0,+0.0,+0.0)mm  pos=(220,-30,0)  [calibrated]
00:01:46.670 [INFO ] frame=17 state=NEAR      c=(648,364) z=441.0mm tilt=6.4°
00:01:46.816 [ERROR] WATCHDOG: SAM2 disagreement sustained for 5 frames; flagging hold.
00:01:46.822 [DEBUG] NEAR plane: tilt=4.8° roll=-2.4° pitch=4.2° inliers=22240
00:01:46.822 [INFO ] State -> TERMINAL @ frame 19 (z=437.5mm, fused err ok)
00:01:46.826 [WARNING] Servo: clamping Z -0.0 -> 0.0 mm (base limit)
00:01:47.232 [INFO ] Servo: err=(+4,+4)px r=6  Δ=(+3.0,+0.0,+0.0)mm  pos=(223,-30,0)  [calibrated]
00:01:47.243 [INFO ] frame=18 state=TERMINAL  c=(644,364) z=437.5mm tilt=4.8°
00:01:47.253 [INFO ] TERM: tilt=3.9° roll=-2.4° pitch=3.0° normal=[0.053, -0.043, -0.998]
00:01:47.253 [WARNING] Servo: clamping Z -0.0 -> 0.0 mm (base limit)
00:01:47.656 [INFO ] Servo: err=(+0,+0)px r=0  Δ=(+3.0,+0.0,+0.0)mm  pos=(226,-30,0)  [calibrated]
00:01:47.669 [INFO ] frame=19 state=TERMINAL  c=(640,360) z=- tilt=3.9°
00:01:47.680 [INFO ] TERM: tilt=3.0° roll=-1.1° pitch=2.8° normal=[0.05, -0.019, -0.999]
00:01:47.681 [WARNING] Servo: clamping Z -0.0 -> 0.0 mm (base limit)
00:01:48.084 [INFO ] Servo: err=(+0,+0)px r=0  Δ=(+3.0,+0.0,+0.0)mm  pos=(229,-30,0)  [calibrated]
00:01:48.095 [INFO ] frame=20 state=TERMINAL  c=(640,360) z=- tilt=3.0°
00:01:48.105 [INFO ] TERM: tilt=4.4° roll=-2.2° pitch=3.9° normal=[0.067, -0.038, -0.997]
00:01:48.105 [WARNING] Servo: clamping Z -0.0 -> 0.0 mm (base limit)
00:01:48.509 [INFO ] Servo: err=(+0,+0)px r=0  Δ=(+3.0,+0.0,+0.0)mm  pos=(232,-30,0)  [calibrated]
00:01:48.519 [INFO ] frame=21 state=TERMINAL  c=(640,360) z=- tilt=4.4°
00:01:48.535 [INFO ] TERM: tilt=5.1° roll=-4.4° pitch=2.6° normal=[0.045, -0.077, -0.996]
00:01:48.535 [WARNING] Servo: clamping Z -0.0 -> 0.0 mm (base limit)
00:01:48.939 [INFO ] Servo: err=(+0,+0)px r=0  Δ=(+3.0,+0.0,+0.0)mm  pos=(235,-30,0)  [calibrated]
00:01:48.949 [INFO ] frame=22 state=TERMINAL  c=(640,360) z=- tilt=5.1°
00:01:48.959 [INFO ] TERM: tilt=3.8° roll=-3.5° pitch=1.6° normal=[0.028, -0.061, -0.998]
00:01:48.959 [WARNING] Servo: clamping Z -0.0 -> 0.0 mm (base limit)
00:01:49.362 [INFO ] Servo: err=(+0,+0)px r=0  Δ=(+3.0,+0.0,+0.0)mm  pos=(238,-30,0)  [calibrated]
00:01:49.373 [INFO ] frame=23 state=TERMINAL  c=(640,360) z=- tilt=3.8°
00:01:49.384 [INFO ] TERM: tilt=8.9° roll=-8.5° pitch=2.6° normal=[0.045, -0.148, -0.988]
00:01:49.384 [WARNING] Servo: clamping Z -0.0 -> 0.0 mm (base limit)
00:01:49.787 [INFO ] Servo: err=(+0,+0)px r=0  Δ=(+3.0,+0.0,+0.0)mm  pos=(241,-30,0)  [calibrated]
00:01:49.798 [INFO ] frame=24 state=TERMINAL  c=(640,360) z=- tilt=8.9°
00:01:49.814 [INFO ] TERM: tilt=5.6° roll=-4.8° pitch=2.9° normal=[0.051, -0.083, -0.995]
00:01:49.814 [WARNING] Servo: clamping Z -0.0 -> 0.0 mm (base limit)
00:01:50.217 [INFO ] Servo: err=(+0,+0)px r=0  Δ=(+3.0,+0.0,+0.0)mm  pos=(244,-30,0)  [calibrated]
00:01:50.228 [INFO ] frame=25 state=TERMINAL  c=(640,360) z=- tilt=5.6°
00:01:50.238 [INFO ] TERM: tilt=7.7° roll=-7.4° pitch=2.1° normal=[0.036, -0.129, -0.991]
00:01:50.238 [WARNING] Servo: clamping Z -0.0 -> 0.0 mm (base limit)
00:01:50.642 [INFO ] Servo: err=(+0,+0)px r=0  Δ=(+3.0,+0.0,+0.0)mm  pos=(247,-30,0)  [calibrated]
00:01:50.652 [INFO ] frame=26 state=TERMINAL  c=(640,360) z=- tilt=7.7°
00:01:50.662 [INFO ] TERM: tilt=7.1° roll=-7.0° pitch=1.4° normal=[0.024, -0.121, -0.992]
00:01:50.663 [WARNING] Servo: clamping Z -0.0 -> 0.0 mm (base limit)
00:01:51.016 [INFO ] Servo: err=(+0,+0)px r=0  Δ=(+3.0,+0.0,+0.0)mm  pos=(250,-30,0)  [calibrated]
00:01:51.026 [INFO ] frame=27 state=TERMINAL  c=(640,360) z=- tilt=7.1°
00:01:51.036 [INFO ] TERM: tilt=5.3° roll=-4.5° pitch=2.7° normal=[0.047, -0.079, -0.996]
00:01:51.036 [WARNING] Servo: clamping Z -0.0 -> 0.0 mm (base limit)
00:01:51.439 [INFO ] Servo: err=(+0,+0)px r=0  Δ=(+3.0,+0.0,+0.0)mm  pos=(253,-30,0)  [calibrated]
00:01:51.449 [INFO ] frame=28 state=TERMINAL  c=(640,360) z=- tilt=5.3°
00:01:51.459 [INFO ] TERM: tilt=3.1° roll=-2.2° pitch=2.1° normal=[0.037, -0.038, -0.999]
00:01:51.460 [WARNING] Servo: clamping Z -0.0 -> 0.0 mm (base limit)
00:01:51.863 [INFO ] Servo: err=(+0,+0)px r=0  Δ=(+3.0,+0.0,+0.0)mm  pos=(256,-30,0)  [calibrated]
00:01:51.873 [INFO ] frame=29 state=TERMINAL  c=(640,360) z=- tilt=3.1°
00:01:51.883 [INFO ] TERM: tilt=5.6° roll=-5.4° pitch=1.4° normal=[0.025, -0.094, -0.995]
00:01:51.884 [WARNING] Servo: clamping Z -0.0 -> 0.0 mm (base limit)
00:01:52.287 [INFO ] Servo: err=(+0,+0)px r=0  Δ=(+3.0,+0.0,+0.0)mm  pos=(259,-30,0)  [calibrated]
00:01:52.350 [INFO ] frame=30 state=TERMINAL  c=(640,360) z=- tilt=5.6°
00:01:52.360 [INFO ] TERM: tilt=5.0° roll=-4.6° pitch=2.0° normal=[0.035, -0.08, -0.996]
00:01:52.361 [WARNING] Servo: clamping Z -0.0 -> 0.0 mm (base limit)
00:01:52.764 [INFO ] Servo: err=(+0,+0)px r=0  Δ=(+3.0,+0.0,+0.0)mm  pos=(262,-30,0)  [calibrated]
00:01:52.774 [INFO ] frame=31 state=TERMINAL  c=(640,360) z=- tilt=5.0°
00:01:52.784 [INFO ] TERM: tilt=4.2° roll=-3.7° pitch=1.9° normal=[0.034, -0.065, -0.997]
00:01:52.784 [WARNING] Servo: clamping Z -0.0 -> 0.0 mm (base limit)
00:01:53.186 [INFO ] Servo: err=(+0,+0)px r=0  Δ=(+3.0,+0.0,+0.0)mm  pos=(265,-30,0)  [calibrated]
00:01:53.197 [INFO ] frame=32 state=TERMINAL  c=(640,360) z=- tilt=4.2°
00:01:53.212 [INFO ] TERM: tilt=3.9° roll=-3.5° pitch=1.7° normal=[0.03, -0.061, -0.998]
00:01:53.212 [WARNING] Servo: clamping Z -0.0 -> 0.0 mm (base limit)
00:01:53.616 [INFO ] Servo: err=(+0,+0)px r=0  Δ=(+3.0,+0.0,+0.0)mm  pos=(268,-30,0)  [calibrated]
00:01:53.626 [INFO ] frame=33 state=TERMINAL  c=(640,360) z=- tilt=3.9°
00:01:53.636 [INFO ] TERM: tilt=3.7° roll=-3.0° pitch=2.1° normal=[0.037, -0.052, -0.998]
00:01:53.637 [WARNING] Servo: clamping Z -0.0 -> 0.0 mm (base limit)
00:01:54.040 [INFO ] Servo: err=(+0,+0)px r=0  Δ=(+3.0,+0.0,+0.0)mm  pos=(271,-30,0)  [calibrated]
00:01:54.050 [INFO ] frame=34 state=TERMINAL  c=(640,360) z=- tilt=3.7°
00:01:54.061 [INFO ] TERM: tilt=3.6° roll=-2.8° pitch=2.3° normal=[0.039, -0.048, -0.998]
00:01:54.062 [WARNING] Servo: clamping Z -0.0 -> 0.0 mm (base limit)
00:01:54.465 [INFO ] Servo: err=(+0,+0)px r=0  Δ=(+3.0,+0.0,+0.0)mm  pos=(274,-30,0)  [calibrated]
00:01:54.476 [INFO ] frame=35 state=TERMINAL  c=(640,360) z=- tilt=3.6°
00:01:54.486 [INFO ] TERM: tilt=3.3° roll=-3.0° pitch=1.3° normal=[0.023, -0.053, -0.998]
00:01:54.486 [WARNING] Servo: clamping Z -0.0 -> 0.0 mm (base limit)
00:01:54.890 [INFO ] Servo: err=(+0,+0)px r=0  Δ=(+3.0,+0.0,+0.0)mm  pos=(277,-30,0)  [calibrated]
00:01:54.901 [INFO ] frame=36 state=TERMINAL  c=(640,360) z=- tilt=3.3°
00:01:54.911 [INFO ] TERM: tilt=3.4° roll=-3.0° pitch=1.7° normal=[0.029, -0.052, -0.998]
00:01:54.911 [WARNING] Servo: clamping Z -0.0 -> 0.0 mm (base limit)
00:01:55.315 [INFO ] Servo: err=(+0,+0)px r=0  Δ=(+3.0,+0.0,+0.0)mm  pos=(280,-30,0)  [calibrated]
00:01:55.326 [INFO ] frame=37 state=TERMINAL  c=(640,360) z=- tilt=3.4°
00:01:55.337 [INFO ] TERM: tilt=3.0° roll=-2.7° pitch=-1.3° normal=[-0.023, -0.048, -0.999]
00:01:55.337 [WARNING] Servo: clamping Z -0.0 -> 0.0 mm (base limit)
00:01:55.740 [INFO ] Servo: err=(+0,+0)px r=0  Δ=(+3.0,+0.0,+0.0)mm  pos=(283,-30,0)  [calibrated]
00:01:55.751 [INFO ] frame=38 state=TERMINAL  c=(640,360) z=- tilt=3.0°
00:01:55.762 [INFO ] TERM: tilt=8.8° roll=-5.6° pitch=6.8° normal=[0.119, -0.097, -0.988]
00:01:55.762 [WARNING] Servo: clamping Z -0.0 -> 0.0 mm (base limit)
00:01:56.166 [INFO ] Servo: err=(+0,+0)px r=0  Δ=(+3.0,+0.0,+0.0)mm  pos=(286,-30,0)  [calibrated]
00:01:56.176 [INFO ] frame=39 state=TERMINAL  c=(640,360) z=- tilt=8.8°
00:01:56.187 [INFO ] TERM: tilt=7.7° roll=-6.3° pitch=4.5° normal=[0.077, -0.109, -0.991]
00:01:56.187 [WARNING] Servo: clamping Z -0.0 -> 0.0 mm (base limit)
00:01:56.590 [INFO ] Servo: err=(+0,+0)px r=0  Δ=(+3.0,+0.0,+0.0)mm  pos=(289,-30,0)  [calibrated]
00:01:56.602 [INFO ] frame=40 state=TERMINAL  c=(640,360) z=- tilt=7.7°
00:01:56.618 [INFO ] TERM: tilt=7.7° roll=-6.6° pitch=4.0° normal=[0.069, -0.114, -0.991]
00:01:56.619 [WARNING] Servo: clamping Z -0.0 -> 0.0 mm (base limit)
00:01:57.022 [INFO ] Servo: err=(+0,+0)px r=0  Δ=(+3.0,+0.0,+0.0)mm  pos=(292,-30,0)  [calibrated]
00:01:57.033 [INFO ] frame=41 state=TERMINAL  c=(640,360) z=- tilt=7.7°
00:01:57.043 [INFO ] TERM: tilt=3.7° roll=-3.5° pitch=1.1° normal=[0.02, -0.061, -0.998]
00:01:57.043 [WARNING] Servo: clamping Z -0.0 -> 0.0 mm (base limit)
00:01:57.446 [INFO ] Servo: err=(+0,+0)px r=0  Δ=(+3.0,+0.0,+0.0)mm  pos=(295,-30,0)  [calibrated]
00:01:57.457 [INFO ] frame=42 state=TERMINAL  c=(640,360) z=- tilt=3.7°
00:01:57.468 [INFO ] TERM: tilt=3.8° roll=-3.7° pitch=0.8° normal=[0.014, -0.064, -0.998]
00:01:57.468 [WARNING] Servo: clamping Z -0.0 -> 0.0 mm (base limit)
00:01:57.872 [INFO ] Servo: err=(+0,+0)px r=0  Δ=(+3.0,+0.0,+0.0)mm  pos=(298,-30,0)  [calibrated]
00:01:57.882 [INFO ] frame=43 state=TERMINAL  c=(640,360) z=- tilt=3.8°
00:01:57.897 [INFO ] TERM: tilt=6.1° roll=-6.0° pitch=1.3° normal=[0.023, -0.105, -0.994]
00:01:57.898 [WARNING] Servo: clamping Z -0.0 -> 0.0 mm (base limit)
00:01:58.301 [INFO ] Servo: err=(+0,+0)px r=0  Δ=(+3.0,+0.0,+0.0)mm  pos=(301,-30,0)  [calibrated]
00:01:58.311 [INFO ] frame=44 state=TERMINAL  c=(640,360) z=- tilt=6.1°
00:01:58.321 [INFO ] TERM: tilt=6.1° roll=-5.9° pitch=1.6° normal=[0.028, -0.103, -0.994]
00:01:58.321 [WARNING] Servo: clamping Z -0.0 -> 0.0 mm (base limit)
00:01:58.724 [INFO ] Servo: err=(+0,+0)px r=0  Δ=(+3.0,+0.0,+0.0)mm  pos=(304,-30,0)  [calibrated]
00:01:58.734 [INFO ] frame=45 state=TERMINAL  c=(640,360) z=- tilt=6.1°
00:01:58.744 [INFO ] TERM: tilt=5.4° roll=-5.1° pitch=1.7° normal=[0.029, -0.089, -0.996]
00:01:58.745 [WARNING] Servo: clamping Z -0.0 -> 0.0 mm (base limit)
00:01:59.148 [INFO ] Servo: err=(+0,+0)px r=0  Δ=(+3.0,+0.0,+0.0)mm  pos=(307,-30,0)  [calibrated]
00:01:59.158 [INFO ] frame=46 state=TERMINAL  c=(640,360) z=- tilt=5.4°
00:01:59.169 [INFO ] TERM: tilt=5.0° roll=-4.6° pitch=1.7° normal=[0.03, -0.081, -0.996]
00:01:59.169 [WARNING] Servo: clamping Z -0.0 -> 0.0 mm (base limit)
00:01:59.573 [INFO ] Servo: err=(+0,+0)px r=0  Δ=(+3.0,+0.0,+0.0)mm  pos=(310,-30,0)  [calibrated]
00:01:59.583 [INFO ] frame=47 state=TERMINAL  c=(640,360) z=- tilt=5.0°
00:01:59.593 [INFO ] TERM: tilt=5.0° roll=-4.7° pitch=1.6° normal=[0.028, -0.082, -0.996]
00:01:59.997 [INFO ] Servo: err=(+0,+0)px r=0  Δ=(+3.0,+0.0,+0.0)mm  pos=(313,-30,0)  [calibrated]
00:02:00.007 [INFO ] frame=48 state=TERMINAL  c=(640,360) z=- tilt=5.0°
00:02:00.016 [INFO ] TERM: tilt=5.1° roll=-4.9° pitch=1.4° normal=[0.025, -0.086, -0.996]
00:02:00.420 [INFO ] Servo: err=(+0,+0)px r=0  Δ=(+3.0,+0.0,+0.0)mm  pos=(316,-30,0)  [calibrated]
00:02:00.431 [INFO ] frame=49 state=TERMINAL  c=(640,360) z=- tilt=5.1°
00:02:00.441 [INFO ] TERM: tilt=5.2° roll=-5.0° pitch=1.4° normal=[0.024, -0.088, -0.996]
00:02:00.845 [INFO ] Servo: err=(+0,+0)px r=0  Δ=(+3.0,+0.0,+0.0)mm  pos=(319,-30,0)  [calibrated]
00:02:00.855 [INFO ] frame=50 state=TERMINAL  c=(640,360) z=- tilt=5.2°
00:02:00.865 [INFO ] TERM: tilt=4.7° roll=-4.5° pitch=1.3° normal=[0.023, -0.078, -0.997]
00:02:01.268 [INFO ] Servo: err=(+0,+0)px r=0  Δ=(+3.0,+0.0,+0.0)mm  pos=(322,-30,0)  [calibrated]
00:02:01.281 [INFO ] frame=51 state=TERMINAL  c=(640,360) z=- tilt=4.7°
00:02:01.291 [INFO ] TERM: tilt=4.3° roll=-4.1° pitch=1.3° normal=[0.023, -0.071, -0.997]
00:02:01.695 [INFO ] Servo: err=(+0,+0)px r=0  Δ=(+3.0,+0.0,+0.0)mm  pos=(325,-30,0)  [calibrated]
00:02:01.705 [INFO ] frame=52 state=TERMINAL  c=(640,360) z=- tilt=4.3°
00:02:01.715 [INFO ] TERM: tilt=4.3° roll=-4.1° pitch=1.4° normal=[0.024, -0.071, -0.997]
00:02:02.118 [INFO ] Servo: err=(+0,+0)px r=0  Δ=(+3.0,+0.0,+0.0)mm  pos=(328,-30,0)  [calibrated]
00:02:02.129 [INFO ] frame=53 state=TERMINAL  c=(640,360) z=- tilt=4.3°
00:02:02.138 [INFO ] TERM: tilt=4.5° roll=-4.3° pitch=1.3° normal=[0.023, -0.074, -0.997]
00:02:02.542 [INFO ] Servo: err=(+0,+0)px r=0  Δ=(+3.0,+0.0,+0.0)mm  pos=(331,-30,0)  [calibrated]
00:02:02.552 [INFO ] frame=54 state=TERMINAL  c=(640,360) z=- tilt=4.5°
00:02:02.565 [INFO ] TERM: tilt=4.8° roll=-4.6° pitch=1.3° normal=[0.023, -0.081, -0.996]
00:02:02.969 [INFO ] Servo: err=(+0,+0)px r=0  Δ=(+3.0,+0.0,+0.0)mm  pos=(334,-30,0)  [calibrated]
00:02:02.980 [INFO ] frame=55 state=TERMINAL  c=(640,360) z=- tilt=4.8°
00:02:02.989 [INFO ] TERM: tilt=4.7° roll=-4.5° pitch=1.4° normal=[0.024, -0.079, -0.997]
00:02:03.393 [INFO ] Servo: err=(+0,+0)px r=0  Δ=(+3.0,+0.0,+0.0)mm  pos=(337,-30,0)  [calibrated]
00:02:03.403 [INFO ] frame=56 state=TERMINAL  c=(640,360) z=- tilt=4.7°
00:02:03.412 [INFO ] TERM: tilt=4.3° roll=-4.2° pitch=1.1° normal=[0.02, -0.072, -0.997]
00:02:03.815 [INFO ] Servo: err=(+0,+0)px r=0  Δ=(+3.0,+0.0,+0.0)mm  pos=(340,-30,0)  [calibrated]
00:02:03.826 [INFO ] frame=57 state=TERMINAL  c=(640,360) z=- tilt=4.3°
00:02:03.839 [INFO ] TERM: tilt=4.2° roll=-4.0° pitch=1.3° normal=[0.022, -0.07, -0.997]
00:02:04.242 [INFO ] Servo: err=(+0,+0)px r=0  Δ=(+3.0,+0.0,+0.0)mm  pos=(343,-30,0)  [calibrated]
00:02:04.252 [INFO ] frame=58 state=TERMINAL  c=(640,360) z=- tilt=4.2°
00:02:04.261 [INFO ] TERM: tilt=4.7° roll=-4.6° pitch=1.1° normal=[0.018, -0.079, -0.997]
00:02:04.665 [INFO ] Servo: err=(+0,+0)px r=0  Δ=(+3.0,+0.0,+0.0)mm  pos=(346,-30,0)  [calibrated]
00:02:04.675 [INFO ] frame=59 state=TERMINAL  c=(640,360) z=- tilt=4.7°
00:02:04.684 [INFO ] TERM: tilt=4.9° roll=-4.7° pitch=1.2° normal=[0.021, -0.083, -0.996]
00:02:05.088 [INFO ] Servo: err=(+0,+0)px r=0  Δ=(+3.0,+0.0,+0.0)mm  pos=(349,-30,0)  [calibrated]
00:02:05.151 [INFO ] frame=60 state=TERMINAL  c=(640,360) z=- tilt=4.9°
00:02:05.160 [INFO ] TERM: tilt=5.2° roll=-5.1° pitch=1.0° normal=[0.018, -0.089, -0.996]
00:02:05.563 [INFO ] Servo: err=(+0,+0)px r=0  Δ=(+3.0,+0.0,+0.0)mm  pos=(352,-30,0)  [calibrated]
00:02:05.574 [INFO ] frame=61 state=TERMINAL  c=(640,360) z=- tilt=5.2°
00:02:05.584 [INFO ] TERM: tilt=5.3° roll=-5.2° pitch=1.0° normal=[0.017, -0.091, -0.996]
00:02:05.987 [INFO ] Servo: err=(+0,+0)px r=0  Δ=(+3.0,+0.0,+0.0)mm  pos=(355,-30,0)  [calibrated]
00:02:06.000 [INFO ] frame=62 state=TERMINAL  c=(640,360) z=- tilt=5.3°
00:02:06.010 [INFO ] TERM: tilt=5.5° roll=-5.5° pitch=0.6° normal=[0.01, -0.096, -0.995]
00:02:06.413 [INFO ] Servo: err=(+0,+0)px r=0  Δ=(+3.0,+0.0,+0.0)mm  pos=(358,-30,0)  [calibrated]
00:02:06.422 [INFO ] frame=63 state=TERMINAL  c=(640,360) z=- tilt=5.5°
00:02:06.432 [INFO ] TERM: tilt=1.2° roll=0.9° pitch=0.8° normal=[0.013, 0.016, -1.0]
00:02:06.835 [INFO ] Servo: err=(+0,+0)px r=0  Δ=(+3.0,+0.0,+0.0)mm  pos=(361,-30,0)  [calibrated]
00:02:06.845 [INFO ] frame=64 state=TERMINAL  c=(640,360) z=- tilt=1.2°
00:02:06.862 [INFO ] frame=65 state=TERMINAL  c=- z=- tilt=-
00:02:06.878 [INFO ] frame=66 state=TERMINAL  c=- z=- tilt=-
00:02:06.911 [INFO ] frame=67 state=TERMINAL  c=- z=- tilt=-
00:02:06.945 [INFO ] frame=68 state=TERMINAL  c=- z=- tilt=-
00:02:06.978 [INFO ] frame=69 state=TERMINAL  c=- z=- tilt=-
00:02:07.011 [INFO ] frame=70 state=TERMINAL  c=- z=- tilt=-
00:02:07.045 [INFO ] frame=71 state=TERMINAL  c=- z=- tilt=-
00:02:07.078 [INFO ] frame=72 state=TERMINAL  c=- z=- tilt=-
00:02:07.112 [INFO ] frame=73 state=TERMINAL  c=- z=- tilt=-
00:02:07.145 [INFO ] frame=74 state=TERMINAL  c=- z=- tilt=-
00:02:07.179 [INFO ] frame=75 state=TERMINAL  c=- z=- tilt=-
00:02:07.215 [INFO ] frame=76 state=TERMINAL  c=- z=- tilt=-
00:02:07.249 [INFO ] frame=77 state=TERMINAL  c=- z=- tilt=-
00:02:07.282 [INFO ] frame=78 state=TERMINAL  c=- z=- tilt=-
00:02:07.317 [INFO ] frame=79 state=TERMINAL  c=- z=- tilt=-
00:02:07.348 [INFO ] frame=80 state=TERMINAL  c=- z=- tilt=-
00:02:07.382 [INFO ] frame=81 state=TERMINAL  c=- z=- tilt=-
00:02:07.411 [INFO ] frame=82 state=TERMINAL  c=- z=- tilt=-
00:02:07.444 [INFO ] frame=83 state=TERMINAL  c=- z=- tilt=-
00:02:07.478 [INFO ] frame=84 state=TERMINAL  c=- z=- tilt=-
00:02:07.512 [INFO ] frame=85 state=TERMINAL  c=- z=- tilt=-
00:02:07.545 [INFO ] frame=86 state=TERMINAL  c=- z=- tilt=-
00:02:07.578 [INFO ] frame=87 state=TERMINAL  c=- z=- tilt=-
00:02:07.611 [INFO ] frame=88 state=TERMINAL  c=- z=- tilt=-
00:02:07.645 [INFO ] frame=89 state=TERMINAL  c=- z=- tilt=-
00:02:07.730 [INFO ] frame=90 state=TERMINAL  c=- z=- tilt=-
00:02:07.745 [INFO ] frame=91 state=TERMINAL  c=- z=- tilt=-
00:02:07.778 [INFO ] frame=92 state=TERMINAL  c=- z=- tilt=-
00:02:07.811 [INFO ] frame=93 state=TERMINAL  c=- z=- tilt=-
00:02:07.845 [INFO ] frame=94 state=TERMINAL  c=- z=- tilt=-
00:02:07.878 [INFO ] frame=95 state=TERMINAL  c=- z=- tilt=-
00:02:07.912 [INFO ] frame=96 state=TERMINAL  c=- z=- tilt=-
00:02:07.945 [INFO ] frame=97 state=TERMINAL  c=- z=- tilt=-
00:02:07.978 [INFO ] frame=98 state=TERMINAL  c=- z=- tilt=-
00:02:08.011 [INFO ] frame=99 state=TERMINAL  c=- z=- tilt=-
00:02:08.046 [INFO ] frame=100 state=TERMINAL  c=- z=- tilt=-
00:02:08.081 [INFO ] frame=101 state=TERMINAL  c=- z=- tilt=-
00:02:08.111 [INFO ] frame=102 state=TERMINAL  c=- z=- tilt=-
00:02:08.144 [INFO ] frame=103 state=TERMINAL  c=- z=- tilt=-
00:02:08.178 [INFO ] frame=104 state=TERMINAL  c=- z=- tilt=-
00:02:08.214 [INFO ] frame=105 state=TERMINAL  c=- z=- tilt=-
00:02:08.244 [INFO ] frame=106 state=TERMINAL  c=- z=- tilt=-
00:02:08.278 [INFO ] frame=107 state=TERMINAL  c=- z=- tilt=-
00:02:08.312 [INFO ] frame=108 state=TERMINAL  c=- z=- tilt=-
00:02:08.348 [INFO ] frame=109 state=TERMINAL  c=- z=- tilt=-
00:02:08.379 [INFO ] frame=110 state=TERMINAL  c=- z=- tilt=-
00:02:08.416 [INFO ] frame=111 state=TERMINAL  c=- z=- tilt=-
00:02:08.450 [INFO ] frame=112 state=TERMINAL  c=- z=- tilt=-
00:02:08.481 [INFO ] frame=113 state=TERMINAL  c=- z=- tilt=-
00:02:08.516 [INFO ] frame=114 state=TERMINAL  c=- z=- tilt=-
00:02:08.550 [INFO ] frame=115 state=TERMINAL  c=- z=- tilt=-
00:02:08.579 [INFO ] frame=116 state=TERMINAL  c=- z=- tilt=-
00:02:08.612 [INFO ] frame=117 state=TERMINAL  c=- z=- tilt=-
00:02:08.645 [INFO ] frame=118 state=TERMINAL  c=- z=- tilt=-
00:02:08.678 [INFO ] frame=119 state=TERMINAL  c=- z=- tilt=-
00:02:08.764 [INFO ] frame=120 state=TERMINAL  c=- z=- tilt=-
00:02:08.783 [INFO ] frame=121 state=TERMINAL  c=- z=- tilt=-
00:02:08.811 [INFO ] frame=122 state=TERMINAL  c=- z=- tilt=-
00:02:08.845 [INFO ] frame=123 state=TERMINAL  c=- z=- tilt=-
00:02:08.878 [INFO ] frame=124 state=TERMINAL  c=- z=- tilt=-
00:02:08.911 [INFO ] frame=125 state=TERMINAL  c=- z=- tilt=-
00:02:08.944 [INFO ] frame=126 state=TERMINAL  c=- z=- tilt=-
00:02:08.978 [INFO ] frame=127 state=TERMINAL  c=- z=- tilt=-
00:02:09.011 [INFO ] frame=128 state=TERMINAL  c=- z=- tilt=-
00:02:09.044 [INFO ] frame=129 state=TERMINAL  c=- z=- tilt=-
00:02:09.077 [INFO ] frame=130 state=TERMINAL  c=- z=- tilt=-
00:02:09.111 [INFO ] frame=131 state=TERMINAL  c=- z=- tilt=-
00:02:09.147 [INFO ] frame=132 state=TERMINAL  c=- z=- tilt=-
00:02:09.180 [INFO ] frame=133 state=TERMINAL  c=- z=- tilt=-
00:02:09.213 [INFO ] frame=134 state=TERMINAL  c=- z=- tilt=-
00:02:09.246 [INFO ] frame=135 state=TERMINAL  c=- z=- tilt=-
00:02:09.279 [INFO ] frame=136 state=TERMINAL  c=- z=- tilt=-
00:02:09.313 [INFO ] frame=137 state=TERMINAL  c=- z=- tilt=-
00:02:09.345 [INFO ] frame=138 state=TERMINAL  c=- z=- tilt=-
00:02:09.378 [INFO ] frame=139 state=TERMINAL  c=- z=- tilt=-
00:02:09.411 [INFO ] frame=140 state=TERMINAL  c=- z=- tilt=-
00:02:09.444 [INFO ] frame=141 state=TERMINAL  c=- z=- tilt=-
00:02:09.478 [INFO ] frame=142 state=TERMINAL  c=- z=- tilt=-
00:02:09.512 [INFO ] frame=143 state=TERMINAL  c=- z=- tilt=-
00:02:09.548 [INFO ] frame=144 state=TERMINAL  c=- z=- tilt=-
00:02:09.579 [INFO ] frame=145 state=TERMINAL  c=- z=- tilt=-
00:02:09.617 [INFO ] frame=146 state=TERMINAL  c=- z=- tilt=-
00:02:09.649 [INFO ] frame=147 state=TERMINAL  c=- z=- tilt=-
00:02:09.678 [INFO ] frame=148 state=TERMINAL  c=- z=- tilt=-
00:02:09.718 [INFO ] frame=149 state=TERMINAL  c=- z=- tilt=-
00:02:09.803 [INFO ] frame=150 state=TERMINAL  c=- z=- tilt=-
00:02:09.819 [INFO ] frame=151 state=TERMINAL  c=- z=- tilt=-
00:02:09.845 [INFO ] frame=152 state=TERMINAL  c=- z=- tilt=-
00:02:09.878 [INFO ] frame=153 state=TERMINAL  c=- z=- tilt=-
00:02:09.912 [INFO ] frame=154 state=TERMINAL  c=- z=- tilt=-
00:02:09.946 [INFO ] frame=155 state=TERMINAL  c=- z=- tilt=-
00:02:09.979 [INFO ] frame=156 state=TERMINAL  c=- z=- tilt=-
00:02:10.012 [INFO ] frame=157 state=TERMINAL  c=- z=- tilt=-
00:02:10.045 [INFO ] frame=158 state=TERMINAL  c=- z=- tilt=-
00:02:10.078 [INFO ] frame=159 state=TERMINAL  c=- z=- tilt=-
00:02:10.112 [INFO ] frame=160 state=TERMINAL  c=- z=- tilt=-
00:02:10.147 [INFO ] frame=161 state=TERMINAL  c=- z=- tilt=-
00:02:10.180 [INFO ] frame=162 state=TERMINAL  c=- z=- tilt=-
00:02:10.213 [INFO ] frame=163 state=TERMINAL  c=- z=- tilt=-
00:02:10.245 [INFO ] frame=164 state=TERMINAL  c=- z=- tilt=-
00:02:10.281 [INFO ] frame=165 state=TERMINAL  c=- z=- tilt=-
00:02:10.311 [INFO ] frame=166 state=TERMINAL  c=- z=- tilt=-
00:02:10.345 [INFO ] frame=167 state=TERMINAL  c=- z=- tilt=-
00:02:10.379 [INFO ] frame=168 state=TERMINAL  c=- z=- tilt=-
00:02:10.412 [INFO ] frame=169 state=TERMINAL  c=- z=- tilt=-
00:02:10.438 [INFO ] Quit requested via window key.
00:02:10.443 [INFO ] frame=170 state=TERMINAL  c=- z=- tilt=-
00:02:10.810 [INFO ] Video saved: runs/v2_proteinbar_servo2/overlay.mp4
00:02:10.810 [INFO ] Video saved: runs/v2_proteinbar_servo2/raw.mp4
00:02:10.811 [INFO ] Robot stopped.
00:02:10.815 [INFO ] Done.
