00:00:10.404 [INFO ] Logging to /data/user/akanksha/repo/visual_servoing_for_suction_grippers/logs/servo_lastmile_20260428_000010.log
00:00:10.418 [INFO ] ======================================================================
00:00:10.418 [INFO ] servo_lastmile_v2 starting
00:00:10.418 [INFO ]   improvements: surface-normal-in-NEAR=ON  ee-masking=ON  sixdof=False
00:00:10.418 [INFO ]   prompt=protein bar  ref=masked_objects/protein_bar.png  hand-eye=None
00:00:10.418 [INFO ]   offline=False  debug=True  dry-run=False  no-robot=False
00:00:10.419 [INFO ] ======================================================================
00:00:10.433 [INFO ] PyZED available - will use ZED SDK for capture and SVO recording
00:00:11.496 [INFO ] Robot connected: 192.168.1.241
00:00:11.503 [INFO ] Processing reference image ...
00:00:14.383 [INFO ] SAM3 loaded: facebook/sam3 on cuda
00:00:14.939 [INFO ] SAM3: empty at 0.50/0.50, retrying at 0.30/0.40
00:00:15.183 [WARNING] SAM3: no detections for prompt 'protein bar'
00:00:15.183 [INFO ] Ref image: no detection - using full image as crop
00:00:15.261 [INFO ] Feature extractor (ResNet-18) loaded
00:00:15.283 [INFO ] Ref features: 512-d vector (norm=1.000)
00:00:15.283 [WARNING] Hand-eye: no path supplied; using identity. Signal A (locked-3D projection) will be unreliable. Run a one-time calibrateHandEye to populate.
00:00:17.277 [INFO ] SAM3: empty at 0.50/0.50, retrying at 0.30/0.40
00:00:17.495 [INFO ] Calibration thread: starting Y/Z Jacobian calibration.
00:00:17.495 [INFO ] === Calibration: waiting for camera frame ===
00:00:17.496 [INFO ] Home: [205.3, 5.6, -52.9] mm
00:00:17.515 [WARNING] SAM3: no detections for prompt 'protein bar'
00:00:17.515 [WARNING] SAM3 returned no usable instance. Try a more descriptive --prompt or lower SAM3_SCORE_THRESH.
00:00:17.704 [INFO ] Video recording: overlay=runs/v2_proteinbar_servo/overlay.mp4  raw=runs/v2_proteinbar_servo/raw.mp4
00:00:17.764 [INFO ] frame=0 state=FAR       c=- z=- tilt=-
00:00:17.796 [INFO ]   [Y] moving +8 mm at 30 mm/s...
00:00:18.023 [INFO ] SAM3: empty at 0.50/0.50, retrying at 0.30/0.40
00:00:18.434 [WARNING] SAM3: no detections for prompt 'protein bar'
00:00:18.434 [WARNING] SAM3 returned no usable instance. Try a more descriptive --prompt or lower SAM3_SCORE_THRESH.
00:00:18.469 [INFO ] frame=1 state=FAR       c=- z=- tilt=-
00:00:18.716 [INFO ] SAM3: empty at 0.50/0.50, retrying at 0.30/0.40
00:00:18.956 [WARNING] SAM3: no detections for prompt 'protein bar'
00:00:18.956 [WARNING] SAM3 returned no usable instance. Try a more descriptive --prompt or lower SAM3_SCORE_THRESH.
00:00:18.990 [INFO ] frame=2 state=FAR       c=- z=- tilt=-
00:00:19.242 [INFO ] SAM3: empty at 0.50/0.50, retrying at 0.30/0.40
00:00:19.573 [WARNING] SAM3: no detections for prompt 'protein bar'
00:00:19.573 [WARNING] SAM3 returned no usable instance. Try a more descriptive --prompt or lower SAM3_SCORE_THRESH.
00:00:19.613 [INFO ] frame=3 state=FAR       c=- z=- tilt=-
00:00:19.903 [INFO ]   [Y] returning home...
00:00:19.933 [INFO ] SAM3: empty at 0.50/0.50, retrying at 0.30/0.40
00:00:20.187 [WARNING] SAM3: no detections for prompt 'protein bar'
00:00:20.187 [WARNING] SAM3 returned no usable instance. Try a more descriptive --prompt or lower SAM3_SCORE_THRESH.
00:00:20.223 [INFO ] frame=4 state=FAR       c=- z=- tilt=-
00:00:20.484 [INFO ] SAM3: empty at 0.50/0.50, retrying at 0.30/0.40
00:00:20.516 [INFO ]   [Y] flow: (+13.2, -1.0) px / 8 mm  -> J[:,{col}]=[+1.6559, -0.1289]
00:00:20.735 [WARNING] SAM3: no detections for prompt 'protein bar'
00:00:20.735 [WARNING] SAM3 returned no usable instance. Try a more descriptive --prompt or lower SAM3_SCORE_THRESH.
00:00:20.791 [INFO ] frame=5 state=FAR       c=- z=- tilt=-
00:00:20.816 [INFO ]   [Z] moving +8 mm at 30 mm/s...
00:00:21.184 [INFO ] SAM3: empty at 0.50/0.50, retrying at 0.30/0.40
00:00:21.429 [WARNING] SAM3: no detections for prompt 'protein bar'
00:00:21.429 [WARNING] SAM3 returned no usable instance. Try a more descriptive --prompt or lower SAM3_SCORE_THRESH.
00:00:21.466 [INFO ] frame=6 state=FAR       c=- z=- tilt=-
00:00:21.715 [INFO ] SAM3: empty at 0.50/0.50, retrying at 0.30/0.40
00:00:21.969 [WARNING] SAM3: no detections for prompt 'protein bar'
00:00:21.969 [WARNING] SAM3 returned no usable instance. Try a more descriptive --prompt or lower SAM3_SCORE_THRESH.
00:00:22.005 [INFO ] frame=7 state=FAR       c=- z=- tilt=-
00:00:22.401 [INFO ] SAM3: empty at 0.50/0.50, retrying at 0.30/0.40
00:00:22.698 [WARNING] SAM3: no detections for prompt 'protein bar'
00:00:22.698 [WARNING] SAM3 returned no usable instance. Try a more descriptive --prompt or lower SAM3_SCORE_THRESH.
00:00:22.735 [INFO ] frame=8 state=FAR       c=- z=- tilt=-
00:00:22.922 [INFO ]   [Z] returning home...
00:00:23.001 [INFO ] SAM3: empty at 0.50/0.50, retrying at 0.30/0.40
00:00:23.240 [WARNING] SAM3: no detections for prompt 'protein bar'
00:00:23.240 [WARNING] SAM3 returned no usable instance. Try a more descriptive --prompt or lower SAM3_SCORE_THRESH.
00:00:23.277 [INFO ] frame=9 state=FAR       c=- z=- tilt=-
00:00:23.534 [INFO ]   [Z] flow: (+0.0, +13.0) px / 8 mm  -> J[:,{col}]=[+0.0029, +1.6214]
00:00:23.534 [INFO ] J_yz (px/mm):
[[ 1.65594101  0.00287628]
 [-0.12888718  1.62140274]]
00:00:23.534 [INFO ] J_yz_inv (mm/px):
[[ 0.60380288 -0.00107111]
 [ 0.04799699  0.61666477]]
00:00:23.535 [INFO ] === Calibration complete [calibrated] ===
00:00:23.539 [INFO ] SAM3: empty at 0.50/0.50, retrying at 0.30/0.40
00:00:23.946 [WARNING] SAM3: no detections for prompt 'protein bar'
00:00:23.946 [WARNING] SAM3 returned no usable instance. Try a more descriptive --prompt or lower SAM3_SCORE_THRESH.
00:00:23.983 [INFO ] frame=10 state=FAR       c=- z=- tilt=-
00:00:24.248 [INFO ] SAM3: empty at 0.50/0.50, retrying at 0.30/0.40
00:00:24.493 [WARNING] SAM3: no detections for prompt 'protein bar'
00:00:24.494 [WARNING] SAM3 returned no usable instance. Try a more descriptive --prompt or lower SAM3_SCORE_THRESH.
00:00:24.530 [INFO ] frame=11 state=FAR       c=- z=- tilt=-
00:00:24.780 [INFO ] SAM3: empty at 0.50/0.50, retrying at 0.30/0.40
00:00:25.105 [WARNING] SAM3: no detections for prompt 'protein bar'
00:00:25.105 [WARNING] SAM3 returned no usable instance. Try a more descriptive --prompt or lower SAM3_SCORE_THRESH.
00:00:25.143 [INFO ] frame=12 state=FAR       c=- z=- tilt=-
00:00:25.456 [INFO ] SAM3: empty at 0.50/0.50, retrying at 0.30/0.40
00:00:25.713 [WARNING] SAM3: no detections for prompt 'protein bar'
00:00:25.713 [WARNING] SAM3 returned no usable instance. Try a more descriptive --prompt or lower SAM3_SCORE_THRESH.
00:00:25.751 [INFO ] frame=13 state=FAR       c=- z=- tilt=-
00:00:26.001 [INFO ] SAM3: empty at 0.50/0.50, retrying at 0.30/0.40
00:00:26.251 [WARNING] SAM3: no detections for prompt 'protein bar'
00:00:26.251 [WARNING] SAM3 returned no usable instance. Try a more descriptive --prompt or lower SAM3_SCORE_THRESH.
00:00:26.288 [INFO ] frame=14 state=FAR       c=- z=- tilt=-
00:00:26.739 [INFO ] SAM3: empty at 0.50/0.50, retrying at 0.30/0.40
00:00:27.000 [WARNING] SAM3: no detections for prompt 'protein bar'
00:00:27.000 [WARNING] SAM3 returned no usable instance. Try a more descriptive --prompt or lower SAM3_SCORE_THRESH.
00:00:27.037 [INFO ] frame=15 state=FAR       c=- z=- tilt=-
00:00:27.300 [INFO ] SAM3: empty at 0.50/0.50, retrying at 0.30/0.40
00:00:27.552 [WARNING] SAM3: no detections for prompt 'protein bar'
00:00:27.552 [WARNING] SAM3 returned no usable instance. Try a more descriptive --prompt or lower SAM3_SCORE_THRESH.
00:00:27.590 [INFO ] frame=16 state=FAR       c=- z=- tilt=-
00:00:27.948 [INFO ] SAM3: empty at 0.50/0.50, retrying at 0.30/0.40
00:00:28.291 [WARNING] SAM3: no detections for prompt 'protein bar'
00:00:28.291 [WARNING] SAM3 returned no usable instance. Try a more descriptive --prompt or lower SAM3_SCORE_THRESH.
00:00:28.327 [INFO ] frame=17 state=FAR       c=- z=- tilt=-
00:00:28.593 [INFO ] SAM3: empty at 0.50/0.50, retrying at 0.30/0.40
00:00:28.850 [WARNING] SAM3: no detections for prompt 'protein bar'
00:00:28.850 [WARNING] SAM3 returned no usable instance. Try a more descriptive --prompt or lower SAM3_SCORE_THRESH.
00:00:28.888 [INFO ] frame=18 state=FAR       c=- z=- tilt=-
00:00:29.141 [INFO ] SAM3: empty at 0.50/0.50, retrying at 0.30/0.40
00:00:29.565 [WARNING] SAM3: no detections for prompt 'protein bar'
00:00:29.566 [WARNING] SAM3 returned no usable instance. Try a more descriptive --prompt or lower SAM3_SCORE_THRESH.
00:00:29.601 [INFO ] frame=19 state=FAR       c=- z=- tilt=-
00:00:29.850 [INFO ] SAM3: empty at 0.50/0.50, retrying at 0.30/0.40
00:00:30.108 [WARNING] SAM3: no detections for prompt 'protein bar'
00:00:30.108 [WARNING] SAM3 returned no usable instance. Try a more descriptive --prompt or lower SAM3_SCORE_THRESH.
00:00:30.147 [INFO ] frame=20 state=FAR       c=- z=- tilt=-
00:00:30.411 [INFO ] SAM3: empty at 0.50/0.50, retrying at 0.30/0.40
00:00:30.739 [WARNING] SAM3: no detections for prompt 'protein bar'
00:00:30.739 [WARNING] SAM3 returned no usable instance. Try a more descriptive --prompt or lower SAM3_SCORE_THRESH.
00:00:30.782 [INFO ] frame=21 state=FAR       c=- z=- tilt=-
00:00:31.104 [INFO ] SAM3: empty at 0.50/0.50, retrying at 0.30/0.40
00:00:31.352 [WARNING] SAM3: no detections for prompt 'protein bar'
00:00:31.353 [WARNING] SAM3 returned no usable instance. Try a more descriptive --prompt or lower SAM3_SCORE_THRESH.
00:00:31.389 [INFO ] frame=22 state=FAR       c=- z=- tilt=-
00:00:31.654 [INFO ] SAM3: empty at 0.50/0.50, retrying at 0.30/0.40
00:00:31.906 [WARNING] SAM3: no detections for prompt 'protein bar'
00:00:31.907 [WARNING] SAM3 returned no usable instance. Try a more descriptive --prompt or lower SAM3_SCORE_THRESH.
00:00:31.945 [INFO ] frame=23 state=FAR       c=- z=- tilt=-
00:00:32.596 [INFO ] Video saved: runs/v2_proteinbar_servo/overlay.mp4
00:00:32.597 [INFO ] Video saved: runs/v2_proteinbar_servo/raw.mp4
00:00:32.597 [INFO ] Robot stopped.
